__      ____  __          _____ _    _ _____ _   _ ______ 
\ \    / /  \/  |   /\   / ____| |  | |_   _| \ | |  ____|
 \ \  / /| \  / |  /  \ | |    | |__| | | | |  \| | |__   
  \ \/ / | |\/| | / /\ \| |    |  __  | | | | . ` |  __|  
   \  /  | |  | |/ ____ \ |____| |  | |_| |_| |\  | |____ 
    \/   |_|  |_/_/    \_\_____|_|  |_|_____|_| \_|______|
==========================================================

Started computation at Thu Jan  7 17:28:11 2021
Running on 1 CPU threads using Open MPI
Simulation is run from the directory: 


             SYSTEM INFORMATION
==============================================
Number of particles:      2
Number of dimensions:     2
Interaction style:        Coulomb
Hamiltonian:              harmonic oscillator
Initial state:            random normal
Oscillator frequency:     1.000000


           WAVE FUNCTION INFORMATION
==============================================
Element 0:                RBM-Gaussian
Element 1:                RBM-product
Basis:                    no basis
Initial parameters:       random uniform
Number of parameters:     14
Number of hidden nodes:   2
Print parameters to file: false


            SIMULATION INFORMATION
==============================================
Max number of iterations: 500
Number of MC cycles:      50000
Number of burn-in cycles: 50
Learning rate:            0.050000
Step length:              0.100000
Equilibration fraction:   0.001000
Sampling:                 Metropolis-Hastings
Optimization:             ADAM
Random number generator:  Mersenne-Twister


               PARTICLE DENSITY
==============================================
Compute radial one-body density:  false
Compute spatial one-body density: false
Compute radial two-body density:  false
Max radius of electron density:   5.000000
Number of bins in each direction: 1000


                  RESAMPLING
==============================================
Do resampling:            false
Print energies to file:   false


                  CONVERGENCE
==============================================
Check convergence:        false
Tolerance:                0.000000
Number of energies:       5


                 ADAPTIVE STEPS
==============================================
Apply adaptive steps:       false
Range of adaptive steps:    10
Additional steps:           4
Additional steps last iter: 8


Step  Energy  Energy_STD  Kinetic  Kinetic_STD  External  External_STD  Interaction  Interaction_STD  Acceptence  CPU_time
1  3.20871262  0.00742434  0.98496069  0.00312029  1.03425674  0.00319228  1.18949519  0.00741628  0.99860000  0.05355835
2  3.21712049  0.00904797  0.93459919  0.00628126  1.08939939  0.00650553  1.19312191  0.01284458  0.99838000  0.03181267
3  3.20390778  0.00879366  0.97033013  0.00817839  1.05319305  0.00874826  1.18038461  0.01645505  0.99892000  0.03237724
4  3.20552592  0.00762970  0.97960792  0.00979001  1.03240083  0.01044716  1.19351717  0.01889285  0.99836000  0.03168607
5  3.29266008  0.01145685  1.00351396  0.01117522  1.01804115  0.01185951  1.27110497  0.02273259  0.99862000  0.03204846
6  3.24760611  0.00917943  0.97399445  0.01246185  1.03587998  0.01311297  1.23773167  0.02516771  0.99838000  0.03234911
7  3.21715464  0.00950610  0.96564081  0.01356718  1.04196056  0.01425674  1.20955327  0.02746633  0.99866000  0.03227234
8  3.25826063  0.01041794  1.02002577  0.01455818  0.98953265  0.01530725  1.24870220  0.02987149  0.99874000  0.03221345
9  3.22133279  0.00961719  0.95378295  0.01559586  1.05867778  0.01627110  1.20887206  0.03187843  0.99838000  0.03233433
10  3.19352085  0.00874026  0.93908003  0.01648919  1.07302750  0.01725902  1.18141332  0.03349669  0.99814000  0.03192306
11  3.21983624  0.01026680  0.99051097  0.01729720  1.01592732  0.01818335  1.21339795  0.03543150  0.99860000  0.03183889
12  3.23541233  0.01150852  0.95266555  0.01813758  1.06217350  0.01902056  1.22057328  0.03765135  0.99840000  0.03176069
13  3.20088337  0.00787351  0.98075330  0.01888412  1.03024107  0.01984935  1.18988899  0.03885415  0.99842000  0.03201294
14  3.24439228  0.01068816  1.00924617  0.01962873  1.00469820  0.02061505  1.23044791  0.04064957  0.99848000  0.03166127
15  3.25573948  0.00896084  0.99176545  0.02038595  1.02507245  0.02134215  1.23890158  0.04199145  0.99868000  0.03185797
16  3.25618027  0.01973941  1.01521528  0.02109050  0.99801553  0.02205205  1.24294945  0.04673351  0.99826000  0.03189039
17  3.24918446  0.01110450  0.98586381  0.02181262  1.02543775  0.02273314  1.23788290  0.04835858  0.99846000  0.03242326
18  3.19681520  0.00769859  0.95274765  0.02248493  1.05801491  0.02341736  1.18605264  0.04928207  0.99864000  0.03182983
19  3.23274297  0.00847180  0.97024233  0.02310550  1.04430317  0.02410846  1.21819746  0.05028883  0.99868000  0.03232121
20  3.20696981  0.00757260  0.94896895  0.02374284  1.05756420  0.02478177  1.20043666  0.05114768  0.99870000  0.03186059
21  3.23743263  0.00995348  0.96930172  0.02433443  1.04024261  0.02543699  1.22788830  0.05238472  0.99882000  0.03221107
22  3.25650819  0.00739456  0.99828841  0.02492354  1.00975590  0.02605935  1.24846387  0.05318985  0.99848000  0.03187966
23  3.25185519  0.00802393  0.96841649  0.02551810  1.03944911  0.02663784  1.24398959  0.05408209  0.99868000  0.03175974
24  3.24496439  0.01218541  1.00726269  0.02606654  0.99752414  0.02721767  1.24017756  0.05571680  0.99850000  0.03294206
25  3.25617771  0.01113156  1.01672505  0.02662734  0.99204274  0.02774933  1.24740991  0.05709003  0.99842000  0.03251171
26  3.25484520  0.02357353  0.97467054  0.02720474  1.03244801  0.02829131  1.24772665  0.06201870  0.99858000  0.03234363
27  3.22638344  0.00836458  0.94251386  0.02774378  1.06152982  0.02885142  1.22233976  0.06282932  0.99844000  0.03246498
28  3.24477756  0.00798777  1.01015937  0.02822871  1.00185424  0.02940476  1.23276396  0.06357322  0.99848000  0.03210711
29  3.25099431  0.00832059  0.99116971  0.02875732  1.01848682  0.02990883  1.24133777  0.06435402  0.99866000  0.03167534
30  3.23900486  0.01112355  0.97891746  0.02926898  1.03242851  0.03042235  1.22765890  0.06554585  0.99872000  0.03211594
31  3.23694100  0.01083740  0.97530646  0.02975673  1.03454427  0.03092904  1.22709027  0.06666358  0.99856000  0.03211880
32  3.22554435  0.01706481  0.97875536  0.03022998  1.03147432  0.03142429  1.21531467  0.06903315  0.99832000  0.03172374
33  3.24944472  0.00917456  0.96810401  0.03071634  1.03925443  0.03192774  1.24208629  0.06985357  0.99842000  0.03182459
34  3.23369886  0.01127351  0.96989981  0.03118102  1.03101794  0.03242039  1.23278111  0.07097542  0.99868000  0.03212070
35  3.16756402  0.00670185  0.96124147  0.03164325  1.03976245  0.03290151  1.16656010  0.07150431  0.99850000  0.03180504
36  3.22709628  0.01211939  0.97047576  0.03208716  1.03609916  0.03337850  1.22052136  0.07271320  0.99868000  0.03212595
37  3.23434437  0.00992112  0.98501656  0.03252824  1.02330452  0.03384381  1.22602329  0.07359088  0.99884000  0.03192735
38  3.21709273  0.00871704  0.95105906  0.03299981  1.06644588  0.03432518  1.19958780  0.07431098  0.99842000  0.03220415
39  3.22054066  0.01067763  0.97304957  0.03342332  1.03955669  0.03480237  1.20793441  0.07526783  0.99854000  0.03209090
40  3.18709629  0.00833896  0.95537363  0.03384691  1.04349451  0.03524881  1.18822814  0.07592122  0.99842000  0.03216696
41  3.19729190  0.00895421  0.97746959  0.03426039  1.03695026  0.03570126  1.18287205  0.07663406  0.99846000  0.03181696
42  3.17940727  0.00720673  0.96601456  0.03468047  1.04192123  0.03613978  1.17147147  0.07715510  0.99858000  0.03168702
43  3.21804697  0.00785600  0.95917521  0.03509307  1.04259682  0.03657967  1.21627494  0.07773149  0.99856000  0.03197408
44  3.23508439  0.00772733  0.99161276  0.03549234  1.01554962  0.03700984  1.22792201  0.07830488  0.99872000  0.03179884
45  3.23839844  0.00866727  0.99386824  0.03590995  1.00694658  0.03742233  1.23758362  0.07897442  0.99862000  0.03150344
46  3.23027882  0.00777645  0.96696820  0.03632382  1.04251776  0.03782790  1.22079286  0.07955066  0.99850000  0.03236556
47  3.23785836  0.01368169  1.01054624  0.03670847  0.99722042  0.03823873  1.23009171  0.08090427  0.99866000  0.03219104
48  3.21229470  0.00950201  0.96061626  0.03712542  1.04727451  0.03863477  1.20440392  0.08164753  0.99856000  0.03198886
49  3.21739348  0.00828254  0.99463892  0.03750275  1.01643923  0.03904492  1.20631533  0.08224479  0.99862000  0.03177524
50  3.23449064  0.00935418  0.99203266  0.03789214  1.02439464  0.03943447  1.21806334  0.08295324  0.99826000  0.03219247
51  3.24665355  0.01039611  0.99350293  0.03827663  1.01363644  0.03982086  1.23951418  0.08378051  0.99854000  0.03227592
52  3.26438857  0.00977391  0.96766574  0.03866939  1.04110892  0.04021157  1.25561391  0.08453221  0.99826000  0.03214574
53  3.24864659  0.00884008  0.99751269  0.03903616  1.01390973  0.04060374  1.23722417  0.08518041  0.99870000  0.03170419
54  3.21868824  0.00784698  0.97767201  0.03941028  1.02167996  0.04097183  1.21933627  0.08571996  0.99878000  0.03130746
55  3.26749152  0.00870285  0.99014084  0.03977807  1.02670117  0.04135035  1.25064951  0.08633543  0.99854000  0.03139234
56  3.23923950  0.02204551  0.97607518  0.04014686  1.03351185  0.04172423  1.22965247  0.08928223  0.99840000  0.03152752
57  3.22263678  0.00835395  0.98582307  0.04051185  1.02349743  0.04210603  1.21331627  0.08984208  0.99868000  0.03107572
58  3.27051186  0.01175738  0.98841263  0.04087596  1.01694392  0.04247558  1.26515531  0.09077137  0.99880000  0.03234243
59  3.19832278  0.00995013  0.91960964  0.04124619  1.07679481  0.04284343  1.20191833  0.09148993  0.99848000  0.03168178
60  3.21848387  0.00780798  0.98695545  0.04156831  1.01882999  0.04322934  1.21269843  0.09198093  0.99860000  0.03124070
61  3.24646531  0.01134652  0.99224419  0.04192106  1.01679669  0.04358476  1.23742442  0.09283801  0.99836000  0.03167629
62  3.20108959  0.00818721  0.98169986  0.04227202  1.02740863  0.04393503  1.19198110  0.09336355  0.99862000  0.03111339
63  3.23566175  0.00759625  0.97768140  0.04261817  1.03231151  0.04429101  1.22566884  0.09382515  0.99844000  0.03135157
64  3.23429722  0.00800693  1.00565617  0.04295119  0.99806301  0.04463672  1.23057804  0.09432625  0.99878000  0.03115678
65  3.22215232  0.01219088  0.97606853  0.04330442  1.02988820  0.04497328  1.21619559  0.09527066  0.99854000  0.03127885
66  3.19551585  0.00822666  0.94420089  0.04364563  1.06388395  0.04532754  1.18743102  0.09578083  0.99846000  0.03151751
67  3.20697453  0.00776930  0.95850250  0.04396730  1.05647040  0.04569239  1.19200163  0.09624389  0.99866000  0.03148556
68  3.25287956  0.00910600  1.00344600  0.04428748  1.00417258  0.04604437  1.24526098  0.09682166  0.99820000  0.03133512
69  3.26576972  0.01023256  0.96001077  0.04462986  1.04852206  0.04637679  1.25723689  0.09752131  0.99850000  0.03156948
70  3.26648230  0.02368737  1.00575351  0.04493841  1.00359824  0.04671342  1.25713055  0.10051568  0.99834000  0.03134322
71  3.25081691  0.00924335  0.99898250  0.04526501  1.00835475  0.04702794  1.24347965  0.10109710  0.99862000  0.03122139
72  3.25991500  0.01035939  0.97316588  0.04559372  1.04011261  0.04735230  1.24663651  0.10178042  0.99852000  0.03132367
73  3.22937175  0.01238157  0.97126512  0.04590831  1.04056056  0.04768561  1.21754607  0.10268382  0.99856000  0.03143191
74  3.23227648  0.00992616  0.99444141  0.04621443  1.02429225  0.04801320  1.21354282  0.10330837  0.99874000  0.03125286
75  3.23029340  0.00839999  0.98905680  0.04653215  1.02356803  0.04833532  1.21766857  0.10379307  0.99870000  0.03138614
76  3.23206434  0.01118984  0.99499597  0.04684970  1.02051608  0.04865858  1.21655229  0.10453834  0.99866000  0.03132057
77  3.23706065  0.00996240  0.94150913  0.04717715  1.07063520  0.04898622  1.22491632  0.10515445  0.99844000  0.03136373
78  3.24895128  0.01245172  0.98195690  0.04747016  1.02648415  0.04932251  1.24051023  0.10603176  0.99858000  0.03123713
79  3.24777492  0.01262244  0.98624262  0.04777861  1.02552390  0.04964055  1.23600840  0.10692590  0.99868000  0.03122711
80  3.26692020  0.02683604  0.98279239  0.04808253  1.02469344  0.04995123  1.25943436  0.11038173  0.99824000  0.03122330
81  3.19616268  0.00834333  0.97079641  0.04839087  1.03687405  0.05026538  1.18849222  0.11084054  0.99848000  0.03120399
82  3.22507334  0.00959061  0.98780292  0.04868511  1.01425159  0.05057549  1.22301883  0.11138200  0.99880000  0.03192687
83  3.27625298  0.01413515  0.98400270  0.04898595  1.02777587  0.05087672  1.26447442  0.11240994  0.99864000  0.03136253
84  3.25079013  0.01207098  0.99512607  0.04927961  1.01302262  0.05117827  1.24264144  0.11319864  0.99870000  0.03163290
85  3.25209628  0.00887406  0.97719378  0.04958767  1.03226365  0.05148265  1.24263886  0.11368310  0.99828000  0.03154111
86  3.24640838  0.00857104  0.93746934  0.04989302  1.07318404  0.05180084  1.23575500  0.11414250  0.99844000  0.03090930
87  3.26232956  0.01148228  0.97257609  0.05017079  1.03567016  0.05212224  1.25408330  0.11485284  0.99886000  0.03154564
88  3.19900314  0.01368066  0.91976572  0.05046266  1.08653304  0.05242948  1.19270438  0.11580128  0.99846000  0.03177738
89  3.25138382  0.00842404  0.99977121  0.05071927  1.00766003  0.05274078  1.24395258  0.11623055  0.99860000  0.03114200
90  3.25183608  0.00985869  1.00216612  0.05101451  1.00505326  0.05302949  1.24461670  0.11678140  0.99844000  0.03144622
91  3.18215166  0.01016795  0.92190074  0.05131410  1.09015999  0.05332076  1.17009093  0.11735648  0.99846000  0.03163815
92  3.18698617  0.00733546  0.93394689  0.05158078  1.07367852  0.05364106  1.17936077  0.11770273  0.99876000  0.03144813
93  3.19444590  0.00729666  0.97952895  0.05184386  1.03156792  0.05394993  1.18334903  0.11804780  0.99892000  0.03156662
94  3.26428710  0.01389231  1.02332711  0.05211418  0.98129039  0.05423004  1.25966959  0.11898080  0.99862000  0.03141260
95  3.23617908  0.01215357  0.95003866  0.05242005  1.05751726  0.05450963  1.22862316  0.11973339  0.99846000  0.03152156
96  3.22230509  0.00904610  1.00709599  0.05268027  0.99929139  0.05479970  1.21591771  0.12020099  0.99874000  0.03160453
97  3.22620699  0.00869011  0.96265223  0.05296749  1.04491612  0.05507430  1.21863865  0.12063817  0.99848000  0.03175330
98  3.22282175  0.01770230  0.96251942  0.05323907  1.04443944  0.05536692  1.21586290  0.12205274  0.99854000  0.03148890
99  3.23495866  0.00788374  1.01212721  0.05350266  1.00229756  0.05565242  1.22053389  0.12242951  0.99844000  0.03136539
100  3.24670881  0.01283636  0.98749232  0.05378220  1.02183079  0.05591903  1.23738569  0.12322251  0.99864000  0.03136039
101  3.29110228  0.03008322  0.99072349  0.05405266  1.01693957  0.05619159  1.28343923  0.12696322  0.99864000  0.03144574
102  3.21054709  0.00877703  0.95035922  0.05432972  1.05996310  0.05646853  1.20022477  0.12739646  0.99848000  0.03139591
103  3.24842281  0.01081582  1.00995092  0.05458357  0.99441053  0.05675238  1.24406136  0.12796808  0.99870000  0.03131700
104  3.26000611  0.01206418  0.98513030  0.05486328  1.02794737  0.05701942  1.24692845  0.12865730  0.99866000  0.03148031
105  3.21357843  0.00743353  0.99263253  0.05512885  1.02082363  0.05729205  1.20012227  0.12899387  0.99840000  0.03111219
106  3.22638322  0.00723924  1.02454927  0.05538834  0.98382287  0.05755278  1.21801108  0.12930920  0.99804000  0.03125525
107  3.22096914  0.01044865  0.97159882  0.05566522  1.03201325  0.05780569  1.21735707  0.12984538  0.99838000  0.03148770
108  3.22102378  0.00936433  0.99714707  0.05591653  1.01281477  0.05806992  1.21106194  0.13029735  0.99842000  0.03122282
109  3.23607246  0.01949273  0.93465734  0.05619384  1.07473540  0.05834521  1.22667972  0.13185978  0.99848000  0.03193259
110  3.22371706  0.00900151  0.98892434  0.05644002  1.02273041  0.05863163  1.21206232  0.13228151  0.99846000  0.03148222
111  3.23887332  0.01010035  0.97694029  0.05670081  1.03646502  0.05889694  1.22546802  0.13277862  0.99844000  0.03155756
112  3.21018399  0.00780567  0.98720449  0.05695276  1.02256028  0.05916186  1.20041922  0.13312173  0.99884000  0.03162360
113  3.25285603  0.00964317  1.00655844  0.05720122  1.00503219  0.05941488  1.24126541  0.13357963  0.99860000  0.03140759
114  3.21184073  0.01319620  0.97777426  0.05746138  1.03323094  0.05966585  1.20083553  0.13434554  0.99832000  0.03148770
115  3.25551873  0.00790117  1.02481243  0.05771042  0.98291364  0.05992618  1.24779266  0.13468571  0.99888000  0.03139544
116  3.22411282  0.00880299  0.95237303  0.05797872  1.05648697  0.06017240  1.21525282  0.13508949  0.99812000  0.03130031
117  3.23932227  0.00922843  0.97357509  0.05822378  1.03909562  0.06044600  1.22665156  0.13551476  0.99854000  0.03139687
118  3.21791961  0.00819611  0.96175585  0.05847760  1.04931130  0.06071440  1.20685246  0.13587437  0.99852000  0.03155112
119  3.27210242  0.00957191  1.01007908  0.05871362  1.00338708  0.06097248  1.25863627  0.13631948  0.99844000  0.03146458
120  3.25268003  0.01122824  0.99270416  0.05897101  1.01715220  0.06122023  1.24282368  0.13689800  0.99866000  0.03164411
121  3.32786157  0.06185988  0.99740888  0.05921589  1.00953751  0.06146557  1.32091519  0.15032930  0.99862000  0.03158808
122  3.27977165  0.01198860  1.01734013  0.05946274  0.99148546  0.06171004  1.27094606  0.15092342  0.99872000  0.03202152
123  3.18886139  0.00762108  0.97730036  0.05971652  1.03138168  0.06194771  1.18017936  0.15122322  0.99860000  0.03170180
124  3.20778794  0.00776398  0.98027621  0.05996366  1.03726535  0.06220624  1.19024638  0.15151567  0.99846000  0.03177285
125  3.28468655  0.01077656  1.01749995  0.06020018  0.98703272  0.06245404  1.28015389  0.15199243  0.99858000  0.03124547
126  3.21062759  0.00926053  0.99264331  0.06045008  1.01561474  0.06268660  1.20236953  0.15238256  0.99884000  0.03129339
127  3.27086531  0.01651617  0.98752840  0.06069288  1.01911176  0.06292806  1.26422515  0.15336998  0.99848000  0.03104687
128  3.20190808  0.00860297  0.95223192  0.06094037  1.06537295  0.06317940  1.18430320  0.15371632  0.99864000  0.03113413
129  3.27025623  0.00913631  1.01362542  0.06116572  0.99421421  0.06343460  1.26241660  0.15407959  0.99880000  0.03134084
130  3.23914754  0.01243486  0.98163920  0.06141321  1.03110663  0.06367018  1.22640172  0.15468480  0.99862000  0.03173494
131  3.23520341  0.01122702  1.00756560  0.06164281  1.00437104  0.06390906  1.22326678  0.15518981  0.99836000  0.03199220
132  3.21082792  0.00806146  0.96464654  0.06188864  1.04944380  0.06414752  1.19673758  0.15549634  0.99878000  0.03130603
133  3.24149831  0.00832299  1.00661108  0.06211162  1.00145284  0.06439034  1.23343439  0.15581179  0.99882000  0.03155160
134  3.23831844  0.00959231  0.96411027  0.06235360  1.04895613  0.06462408  1.22525204  0.15620523  0.99828000  0.03158736
135  3.21014243  0.00924999  0.98399266  0.06257957  1.03106312  0.06487049  1.19508665  0.15657591  0.99844000  0.03164554
136  3.23946987  0.00871619  0.96075322  0.06281712  1.05134273  0.06511624  1.22737391  0.15691035  0.99846000  0.03161049
137  3.21975469  0.00916474  0.96121550  0.06305075  1.06050991  0.06537296  1.19802928  0.15727537  0.99860000  0.03124213
138  3.23755044  0.00798763  1.00878453  0.06327307  1.01042328  0.06562082  1.21834262  0.15757074  0.99868000  0.03185987
139  3.18083640  0.00684955  0.96640072  0.06351075  1.03926645  0.06585164  1.17516923  0.15781437  0.99840000  0.03204656
140  3.23747115  0.01560704  0.97153862  0.06373825  1.04564972  0.06609661  1.22028281  0.15867274  0.99842000  0.03136039
141  3.21293410  0.01103790  0.97519068  0.06396377  1.04857764  0.06634045  1.18916578  0.15915154  0.99820000  0.03152394
142  3.20378254  0.00774624  0.98722376  0.06418767  1.03359478  0.06658120  1.18296399  0.15943023  0.99882000  0.03139138
143  3.25973594  0.00956522  0.97789879  0.06441322  1.04024512  0.06681513  1.24159203  0.15980603  0.99836000  0.03101707
144  3.26995465  0.01454226  0.97634129  0.06463638  1.03782309  0.06705174  1.25579027  0.16056383  0.99856000  0.03115988
145  3.23746301  0.01060577  0.99378816  0.06485659  1.02455869  0.06728534  1.21911615  0.16101319  0.99842000  0.03191853
146  3.21490535  0.00747155  0.96052566  0.06508820  1.05339714  0.06751994  1.20098256  0.16127969  0.99860000  0.03141308
147  3.24588673  0.01508505  0.99030363  0.06530518  1.02752617  0.06775858  1.22805694  0.16207389  0.99872000  0.03141642
148  3.22305231  0.00832034  0.97835513  0.06553324  1.03840671  0.06799262  1.20629047  0.16238160  0.99836000  0.03161120
149  3.28704633  0.01042749  1.00229707  0.06575198  1.00964484  0.06822319  1.27510441  0.16280668  0.99862000  0.03173709
150  3.21069309  0.00847435  0.96404844  0.06597861  1.05274971  0.06844652  1.19389494  0.16312805  0.99848000  0.03159761
151  3.26005343  0.00900935  1.00812961  0.06619529  1.00718062  0.06868408  1.24474321  0.16346528  0.99806000  0.03129363
152  3.20511621  0.00804946  0.97667176  0.06642190  1.02771849  0.06890503  1.20072596  0.16375862  0.99866000  0.03181243
153  3.22703887  0.00753600  0.99323118  0.06663914  1.02531677  0.06913194  1.20849092  0.16402116  0.99850000  0.03182817
154  3.24152960  0.01009754  1.02014062  0.06685525  0.99569922  0.06935160  1.22568976  0.16442181  0.99860000  0.03179693
155  3.23821401  0.00860902  0.95778016  0.06708721  1.05891425  0.06957074  1.22151960  0.16473987  0.99850000  0.03156137
156  3.20992898  0.00850838  0.97207978  0.06729573  1.04145166  0.06980246  1.19639753  0.16505090  0.99816000  0.03098583
157  3.20089992  0.00776451  0.99123446  0.06750708  1.02684652  0.07002871  1.18281895  0.16532135  0.99842000  0.03148985
158  3.23860174  0.00801210  0.99107898  0.06772470  1.02675876  0.07025034  1.22076401  0.16560123  0.99834000  0.03161049
159  3.24779293  0.01046084  1.00279219  0.06793860  1.01568631  0.07047016  1.22931443  0.16602262  0.99858000  0.03165579
160  3.26652537  0.01105914  0.97661191  0.06816032  1.04371493  0.07069008  1.24619854  0.16648307  0.99820000  0.03167701
161  3.25034172  0.00855463  0.95326308  0.06838776  1.06307121  0.07093128  1.23400743  0.16679717  0.99884000  0.03148651
162  3.26707669  0.00973372  1.01327165  0.06859138  1.00230153  0.07116173  1.25150350  0.16717356  0.99838000  0.03135300
163  3.25088806  0.01373674  1.01352535  0.06880807  1.01043014  0.07137009  1.22693257  0.16783224  0.99840000  0.03154016
164  3.26417636  0.00809201  1.00997138  0.06902336  1.01046142  0.07158158  1.24374356  0.16811870  0.99838000  0.03142929
165  3.22300949  0.00823246  0.97318497  0.06924004  1.03233106  0.07179179  1.21749347  0.16841257  0.99848000  0.03146458
166  3.23486999  0.01091836  0.99892704  0.06944593  1.01434303  0.07200893  1.22159993  0.16885505  0.99838000  0.03120232
167  3.22653823  0.00998403  0.97169776  0.06966634  1.03909579  0.07222622  1.21574468  0.16923884  0.99850000  0.03137183
168  3.24909971  0.00815433  0.98057318  0.06986834  1.04192909  0.07244290  1.22659744  0.16952418  0.99860000  0.03162384
169  3.25118221  0.01470335  0.99151450  0.07007471  1.03067872  0.07266237  1.22898899  0.17025089  0.99850000  0.03158474
170  3.22681742  0.00700187  0.97100873  0.07028633  1.04707456  0.07288014  1.20873413  0.17048497  0.99836000  0.03145075
171  3.26000602  0.01183104  0.97235455  0.07049068  1.04491973  0.07310040  1.24273173  0.17098212  0.99862000  0.03128338
172  3.20847280  0.00754931  0.97377885  0.07069600  1.04843899  0.07332065  1.18625495  0.17124036  0.99840000  0.03119278
173  3.21870151  0.00877468  1.00673283  0.07089613  1.01723036  0.07353612  1.19473832  0.17154868  0.99860000  0.03186274
174  3.24707346  0.00738931  0.99848809  0.07110986  1.02565767  0.07374749  1.22292770  0.17179280  0.99842000  0.03155661
175  3.23647287  0.00863173  0.96564340  0.07132367  1.03261905  0.07395970  1.23821042  0.17209642  0.99836000  0.03148937
176  3.25200547  0.01065007  0.97628283  0.07152319  1.03559786  0.07417135  1.24012478  0.17251562  0.99840000  0.03135753
177  3.29279376  0.00980157  0.99271471  0.07172494  1.03489467  0.07438576  1.26518438  0.17288524  0.99854000  0.03153491
178  3.22966296  0.00866219  0.98887210  0.07193206  1.02915391  0.07459899  1.21163695  0.17319576  0.99846000  0.03154564
179  3.22081192  0.00728208  0.98412909  0.07213937  1.02516983  0.07481085  1.21151300  0.17343424  0.99848000  0.03132725
180  3.22455040  0.00765708  0.97775125  0.07234191  1.04197716  0.07501933  1.20482199  0.17368929  0.99820000  0.03144383
181  3.23847718  0.01024820  0.99611773  0.07254189  1.02108249  0.07523100  1.22127696  0.17407599  0.99852000  0.03129411
182  3.18914548  0.00857802  0.98165209  0.07274973  1.03999269  0.07544059  1.16750070  0.17437417  0.99862000  0.03136516
183  3.20110081  0.00837684  0.95725725  0.07295999  1.06243984  0.07566041  1.18140372  0.17465465  0.99854000  0.03151155
184  3.19691313  0.00842389  0.95962074  0.07315831  1.05521908  0.07588133  1.18207330  0.17493851  0.99850000  0.03165531
185  3.18939705  0.00846081  0.97282801  0.07335305  1.05496553  0.07609812  1.16160351  0.17522467  0.99868000  0.03152132
186  3.21661765  0.00935811  0.98105838  0.07355140  1.03861336  0.07631380  1.19694591  0.17555265  0.99856000  0.03207111
187  3.20636548  0.00992357  0.94651846  0.07375266  1.07989605  0.07652606  1.17995098  0.17591628  0.99884000  0.03142381
188  3.18792563  0.00768027  0.96879162  0.07394245  1.04878758  0.07674591  1.17034643  0.17616413  0.99838000  0.03183603
189  3.23589796  0.00954340  1.00357359  0.07413370  1.01292666  0.07695301  1.21939771  0.17650137  0.99850000  0.03122163
190  3.22601020  0.00999892  0.96439693  0.07433724  1.05099158  0.07715383  1.21062169  0.17686972  0.99868000  0.03133607
191  3.26019216  0.00939816  0.99664567  0.07452604  1.02942161  0.07736203  1.23412488  0.17720394  0.99870000  0.03112817
192  3.23982320  0.00991361  0.95128025  0.07473045  1.05476938  0.07756758  1.23377357  0.17756743  0.99866000  0.03123689
193  3.20755197  0.00752364  0.94871396  0.07492170  1.07009777  0.07778052  1.18874024  0.17781362  0.99842000  0.03172588
194  3.24173322  0.01041078  1.01043313  0.07510297  1.01532595  0.07798989  1.21597415  0.17819942  0.99880000  0.03101492
195  3.25234940  0.00806342  0.99365501  0.07530356  1.01895713  0.07818509  1.23973725  0.17846569  0.99842000  0.03109288
196  3.25336857  0.01065737  0.99584533  0.07549899  1.02304085  0.07838119  1.23448240  0.17887099  0.99856000  0.03099728
197  3.23395654  0.00786337  0.96620827  0.07569759  1.05985763  0.07858216  1.20789064  0.17913070  0.99830000  0.03120947
198  3.22879539  0.00759219  1.01609977  0.07588402  1.01577610  0.07878887  1.19691952  0.17937489  0.99868000  0.03114247
199  3.23715108  0.01039066  0.97585305  0.07608521  1.04464419  0.07898561  1.21665384  0.17975698  0.99848000  0.03153896
200  3.22269465  0.00921693  0.95383564  0.07628066  1.06348850  0.07919391  1.20537052  0.18007665  0.99872000  0.03153825
201  3.21272115  0.00849031  0.99766666  0.07646076  1.02726097  0.07939926  1.18779351  0.18035908  0.99874000  0.03118968
202  3.21507601  0.00947807  0.98803471  0.07665692  1.02516220  0.07959796  1.20187910  0.18068699  0.99854000  0.03120303
203  3.21599308  0.00828604  0.96666875  0.07684792  1.04657358  0.07979351  1.20275075  0.18095780  0.99868000  0.03144741
204  3.20483098  0.00783770  0.93635090  0.07704003  1.08132149  0.07999967  1.18715859  0.18120848  0.99826000  0.03141761
205  3.23392177  0.00857749  0.99854009  0.07721817  1.01770787  0.08020999  1.21767381  0.18149020  0.99856000  0.03147101
206  3.24430130  0.01004332  0.97099850  0.07741124  1.04978227  0.08040341  1.22352053  0.18185117  0.99816000  0.03149438
207  3.23785000  0.01037414  1.00747088  0.07759043  1.01388896  0.08059809  1.21649017  0.18223062  0.99870000  0.03143954
208  3.24210045  0.01182307  0.97281382  0.07778344  1.05663316  0.08078880  1.21265347  0.18269686  0.99868000  0.03119016
209  3.22872496  0.03393004  0.95345188  0.07797034  1.07134864  0.08099340  1.20392445  0.18590176  0.99850000  0.03157592
210  3.21184088  0.00902181  0.98941873  0.07815372  1.02698972  0.08119969  1.19543244  0.18619955  0.99838000  0.03168845
211  3.23634643  0.00794152  0.99759854  0.07834099  1.02944721  0.08139388  1.20930069  0.18644753  0.99880000  0.03148580
212  3.23953182  0.00839514  0.96968151  0.07853652  1.05251710  0.08159304  1.21733320  0.18671625  0.99868000  0.03148246
213  3.24785994  0.00831406  1.01479315  0.07871715  1.00788125  0.08178978  1.22518554  0.18698231  0.99880000  0.03144646
214  3.23163095  0.01022099  0.99585478  0.07890891  1.03082623  0.08197608  1.20494994  0.18734355  0.99870000  0.03183961
215  3.24905421  0.01070242  0.99878242  0.07909911  1.02002410  0.08217085  1.23024768  0.18772788  0.99844000  0.03139544
216  3.21592948  0.00733358  0.98264152  0.07928776  1.03758096  0.08235966  1.19570700  0.18795305  0.99858000  0.03124952
217  3.23779038  0.01209709  1.00034991  0.07947116  1.02029752  0.08255133  1.21714295  0.18841931  0.99846000  0.03133607
218  3.20794566  0.00787378  0.97401175  0.07966051  1.04870416  0.08274022  1.18522975  0.18866371  0.99828000  0.03139973
219  3.24515597  0.01220936  0.98430183  0.07984095  1.04326204  0.08293718  1.21759210  0.18913483  0.99844000  0.03161502
220  3.24401368  0.01448247  0.95214020  0.08002858  1.07372728  0.08313468  1.21814620  0.18976848  0.99824000  0.03135252
221  3.26726442  0.00855941  0.97773627  0.08020513  1.04193711  0.08333711  1.24759105  0.19004114  0.99846000  0.03134322
222  3.25201884  0.00909319  0.95500262  0.08039312  1.06701026  0.08353567  1.23000595  0.19034204  0.99854000  0.03154159
223  3.24408117  0.00948688  1.00453754  0.08056331  1.01399129  0.08372945  1.22555234  0.19065929  0.99846000  0.03136253
224  3.23197069  0.00961394  0.98496014  0.08075086  1.03809058  0.08391300  1.20891998  0.19098166  0.99870000  0.03144050
225  3.24917586  0.00934668  0.94383204  0.08093769  1.07361759  0.08410769  1.23172623  0.19128824  0.99870000  0.03163528
226  3.20813246  0.01121485  0.95839809  0.08111289  1.06628187  0.08431016  1.18345250  0.19169740  0.99842000  0.03154016
227  3.21211213  0.00789280  0.97127829  0.08128866  1.05823596  0.08450769  1.18259788  0.19193473  0.99836000  0.03140545
228  3.19882912  0.00830093  0.97482525  0.08146549  1.04961570  0.08470124  1.17438817  0.19218846  0.99856000  0.03174901
229  3.23326268  0.00967469  0.97226625  0.08164406  1.05189244  0.08489425  1.20910399  0.19250524  0.99834000  0.03160667
230  3.23456008  0.00890748  0.97116076  0.08182007  1.05812964  0.08508495  1.20526968  0.19278899  0.99870000  0.03141046
231  3.20285178  0.00871999  0.97395135  0.08199442  1.05078163  0.08527649  1.17811880  0.19306293  0.99862000  0.03138757
232  3.22549961  0.00833424  0.97700399  0.08217476  1.05289395  0.08547105  1.19560167  0.19331648  0.99906000  0.03157806
233  3.23069864  0.01106846  0.97918081  0.08234954  1.04268238  0.08565942  1.20883544  0.19370835  0.99838000  0.03106475
234  3.23569973  0.00973977  0.98305120  0.08252543  1.04381697  0.08584699  1.20883156  0.19403040  0.99872000  0.03136897
235  3.27528717  0.00995562  1.00892894  0.08270113  1.01826945  0.08603464  1.24808878  0.19436305  0.99878000  0.03115821
236  3.22974230  0.00888089  0.96456656  0.08288597  1.06248929  0.08621665  1.20268645  0.19464777  0.99848000  0.03157020
237  3.23575068  0.00779901  0.97073495  0.08306308  1.06347838  0.08641521  1.20153736  0.19488067  0.99850000  0.03154850
238  3.22055796  0.00801297  0.99876652  0.08323522  1.01872342  0.08660364  1.20306803  0.19512054  0.99858000  0.03156328
239  3.21268803  0.00907377  0.98721966  0.08341433  1.02842237  0.08678161  1.19704600  0.19540664  0.99830000  0.03145146
240  3.24449554  0.01001416  1.00040688  0.08358688  1.02307580  0.08696067  1.22101286  0.19573804  0.99888000  0.03123665
241  3.23507044  0.00944726  0.99461515  0.08376089  1.04335364  0.08713706  1.19710165  0.19604443  0.99888000  0.03174686
242  3.23356724  0.00846575  0.97734466  0.08393880  1.04571067  0.08732289  1.21051191  0.19630183  0.99852000  0.03115344
243  3.20444126  0.00811818  0.96234823  0.08410812  1.05817545  0.08750286  1.18391758  0.19654539  0.99840000  0.03106713
244  3.22981768  0.01053600  0.97044742  0.08427759  1.05704969  0.08769110  1.20232056  0.19690066  0.99852000  0.03141594
245  3.23139468  0.00992941  0.95503458  0.08445100  1.08147387  0.08788238  1.19488623  0.19722641  0.99826000  0.03167868
246  3.27499165  0.01340695  1.02115983  0.08461399  1.01107367  0.08807049  1.24275815  0.19775601  0.99842000  0.03157401
247  3.24905541  0.02019606  0.95498159  0.08479866  1.07756063  0.08824970  1.21651319  0.19886457  0.99846000  0.03183556
248  3.25479513  0.00814823  0.96723147  0.08496948  1.06540964  0.08844521  1.22215403  0.19910794  0.99850000  0.03152227
249  3.22533301  0.00791706  0.97557065  0.08514093  1.05007947  0.08863718  1.19968289  0.19934213  0.99840000  0.03152323
250  3.20561410  0.00804260  0.98413611  0.08530808  1.04123550  0.08881690  1.18024250  0.19957789  0.99888000  0.03177691
251  3.20805343  0.00837037  0.98280159  0.08547895  1.04049985  0.08899566  1.18475198  0.19982452  0.99874000  0.03135514
252  3.23152273  0.00838914  0.96441522  0.08565349  1.07357232  0.08918194  1.19353519  0.20007328  0.99862000  0.03131986
253  3.23892190  0.00948887  0.97319854  0.08581797  1.05722254  0.08936883  1.20850083  0.20037149  0.99858000  0.03142095
254  3.23008399  0.00873829  0.96265803  0.08599071  1.07382655  0.08955870  1.19359942  0.20063714  0.99860000  0.03156257
255  3.24437548  0.00766113  0.99032047  0.08615353  1.03730570  0.08974385  1.21674932  0.20085625  0.99856000  0.03148675
256  3.25869303  0.00912168  0.99729608  0.08632296  1.02512475  0.08991977  1.23627220  0.20113866  0.99854000  0.03123307
257  3.23099348  0.01213232  0.99874431  0.08649307  1.03172052  0.09009362  1.20052865  0.20158219  0.99876000  0.03133011
258  3.23986091  0.01233769  0.99831804  0.08666031  1.04057116  0.09026547  1.20097170  0.20203320  0.99836000  0.03156686
259  3.21324832  0.00860370  0.95631909  0.08683591  1.06960938  0.09044555  1.18731985  0.20228929  0.99832000  0.03134489
260  3.24201172  0.00963897  1.00257820  0.08699475  1.02530323  0.09062656  1.21413029  0.20259042  0.99838000  0.03123021
261  3.22332445  0.01031391  0.98268787  0.08716850  1.04333241  0.09080090  1.19730417  0.20292730  0.99884000  0.03166604
262  3.24968816  0.01529710  1.00598095  0.08733745  1.02069977  0.09097883  1.22300744  0.20357546  0.99828000  0.03207064
263  3.19374907  0.00800939  0.95256092  0.08751197  1.08273806  0.09115343  1.15845009  0.20380838  0.99884000  0.03140688
264  3.20257248  0.00944410  0.94065477  0.08767899  1.08802787  0.09134668  1.17388984  0.20409450  0.99836000  0.03168297
265  3.17367857  0.00669355  0.94060475  0.08783999  1.09646705  0.09153897  1.13660677  0.20427377  0.99872000  0.03117061
266  3.21133854  0.00808892  0.97601413  0.08799942  1.04991769  0.09172904  1.18540672  0.20449859  0.99854000  0.03133893
267  3.18574952  0.00689520  0.98687189  0.08816154  1.04741828  0.09190336  1.15145936  0.20468538  0.99854000  0.03119993
268  3.23556982  0.00944558  0.97932068  0.08833179  1.05068140  0.09208202  1.20556775  0.20496963  0.99878000  0.03159809
269  3.21620184  0.00983167  0.98311245  0.08849560  1.04622415  0.09225765  1.18686524  0.20527795  0.99842000  0.03137112
270  3.25349141  0.00944634  0.99661503  0.08866122  1.03970010  0.09243404  1.21717628  0.20556615  0.99854000  0.03130269
271  3.25365078  0.00789936  0.97299360  0.08882969  1.06932525  0.09261031  1.21133192  0.20579267  0.99846000  0.03169203
272  3.26178526  0.01421562  1.00392174  0.08898887  1.03380386  0.09278807  1.22405967  0.20635685  0.99872000  0.03132868
273  3.20614270  0.00940324  0.96280791  0.08915752  1.07326153  0.09296058  1.17007326  0.20664569  0.99860000  0.03159046
274  3.22385998  0.00893015  1.00282124  0.08931446  1.02852586  0.09313774  1.19251288  0.20690662  0.99876000  0.03154993
275  3.20209211  0.00828084  0.95286818  0.08948375  1.06943950  0.09330915  1.17978442  0.20714247  0.99874000  0.03168511
276  3.18081818  0.00833679  0.97433018  0.08963888  1.06758387  0.09348762  1.13890413  0.20737961  0.99862000  0.03152347
277  3.22606416  0.00819408  0.97075506  0.08980536  1.06453498  0.09366980  1.19077412  0.20760593  0.99878000  0.03133678
278  3.21516835  0.01009691  0.98056149  0.08996522  1.05407619  0.09384728  1.18053066  0.20792173  0.99870000  0.03148913
279  3.23170115  0.00853796  0.98516165  0.09012844  1.04208983  0.09402193  1.20444967  0.20816569  0.99824000  0.03151178
280  3.23540679  0.00765639  1.00660933  0.09028570  1.02496560  0.09418865  1.20383185  0.20837842  0.99870000  0.03125906
281  3.26875821  0.00905339  0.98993843  0.09045070  1.04344223  0.09435489  1.23537754  0.20864694  0.99866000  0.03122544
282  3.20400098  0.00899548  0.97933421  0.09061146  1.04791602  0.09452362  1.17675075  0.20891538  0.99858000  0.03162050
283  3.21956683  0.00925788  0.95490201  0.09077420  1.09229353  0.09469950  1.17237128  0.20918954  0.99846000  0.03175616
284  3.23050540  0.00748843  0.96470049  0.09092918  1.07820401  0.09488261  1.18760090  0.20939185  0.99840000  0.03142428
285  3.21160427  0.00799818  0.97445921  0.09108413  1.05984795  0.09505796  1.17729711  0.20961385  0.99870000  0.03157735
286  3.26911862  0.01253039  1.01692588  0.09124025  1.02678442  0.09522950  1.22540833  0.21005679  0.99862000  0.03160906
287  3.23064247  0.00756716  0.97211949  0.09140745  1.07375758  0.09539819  1.18476540  0.21026727  0.99872000  0.03170419
288  3.26371835  0.00842051  0.99399057  0.09156346  1.04667522  0.09557391  1.22305256  0.21050531  0.99882000  0.03161287
289  3.24576080  0.00819339  1.00218501  0.09172368  1.03493923  0.09574217  1.20863655  0.21073780  0.99870000  0.03139043
290  3.23730292  0.00827291  0.96505210  0.09188839  1.07500523  0.09591137  1.19724559  0.21097169  0.99840000  0.03162193
291  3.18086898  0.00889621  0.98120463  0.09204441  1.05591921  0.09608783  1.14374514  0.21122891  0.99856000  0.03128242
292  3.26162299  0.00796292  1.01598981  0.09219923  1.03216303  0.09625700  1.21347015  0.21144379  0.99840000  0.03134918
293  3.25116887  0.00973074  0.98647311  0.09236292  1.05038457  0.09642107  1.21431120  0.21173968  0.99848000  0.03131843
294  3.20308261  0.01743374  0.97378540  0.09252170  1.07721223  0.09659236  1.15208498  0.21252830  0.99858000  0.03142071
295  3.23302343  0.00792559  0.97451792  0.09267932  1.05331833  0.09676676  1.20518719  0.21274017  0.99868000  0.03173018
296  3.23891692  0.00888281  0.98438506  0.09283631  1.05530107  0.09693923  1.19923079  0.21299633  0.99880000  0.03165960
297  3.24497294  0.00687365  0.97784465  0.09299709  1.07241834  0.09711328  1.19470996  0.21317772  0.99866000  0.03132272
298  3.20180073  0.01181563  0.98252735  0.09315157  1.06722352  0.09728578  1.15204986  0.21357445  0.99850000  0.03142858
299  3.19439010  0.00725600  0.96545413  0.09330994  1.09122443  0.09746133  1.13771154  0.21376274  0.99858000  0.03125119
300  3.21944564  0.00705117  0.97646702  0.09346314  1.07004013  0.09763910  1.17293849  0.21394222  0.99828000  0.03186774
301  3.19181478  0.00797969  0.99529265  0.09361224  1.04975568  0.09780633  1.14676645  0.21415774  0.99832000  0.03172946
302  3.22713864  0.00948159  1.00781604  0.09377172  1.04087574  0.09797409  1.17844686  0.21443158  0.99874000  0.03170633
303  3.25484642  0.00936889  0.99268994  0.09393128  1.06546076  0.09814037  1.19669572  0.21470441  0.99870000  0.03160214
304  3.21891915  0.00763136  0.96698869  0.09408966  1.07986667  0.09831178  1.17206379  0.21490933  0.99834000  0.03157139
305  3.22312984  0.00961561  0.97615256  0.09424173  1.06720940  0.09848473  1.17976787  0.21519066  0.99824000  0.03156900
306  3.26404848  0.01097176  1.02575939  0.09439409  1.02671464  0.09865439  1.21157445  0.21553804  0.99866000  0.03142524
307  3.23259957  0.00920646  0.97893863  0.09455703  1.05642104  0.09881257  1.19723990  0.21580481  0.99832000  0.03140044
308  3.23420996  0.00828199  0.96771711  0.09471541  1.08835795  0.09898424  1.17813491  0.21603311  0.99894000  0.03162670
309  3.25448563  0.02229809  0.98304903  0.09487134  1.06990527  0.09916285  1.20153132  0.21724808  0.99872000  0.03151441
310  3.18006028  0.00733447  0.94663230  0.09502857  1.11237305  0.09933757  1.12105493  0.21744129  0.99874000  0.03138542
311  3.21722668  0.00860123  0.96398677  0.09517686  1.08221056  0.09951901  1.17102935  0.21767178  0.99852000  0.03201771
312  3.22626539  0.01083033  0.97941672  0.09532824  1.07267355  0.09969352  1.17417512  0.21800700  0.99864000  0.03150392
313  3.24147291  0.01086321  0.95478655  0.09548123  1.08852539  0.09986365  1.19816097  0.21834338  0.99850000  0.03172374
314  3.22567644  0.01051719  1.00549000  0.09562393  1.06475423  0.10003264  1.15543221  0.21866590  0.99866000  0.03143120
315  3.23652883  0.00877504  1.00650966  0.09577825  1.04497088  0.10019847  1.18504829  0.21890606  0.99886000  0.03141856
316  3.22826852  0.00937543  0.97434844  0.09593706  1.08439691  0.10036403  1.16952317  0.21917407  0.99864000  0.03124118
317  3.24405735  0.00786408  1.01986322  0.09608495  1.04112978  0.10053448  1.18306435  0.21938114  0.99876000  0.03152394
318  3.23421495  0.00950741  0.95048208  0.09625088  1.12091143  0.10070632  1.16282143  0.21965470  0.99844000  0.03135490
319  3.22248472  0.01052606  0.98119817  0.09639759  1.04668977  0.10088436  1.19459679  0.21997003  0.99826000  0.03164768
320  3.20222725  0.00715156  1.00040500  0.09654622  1.05544534  0.10104402  1.14637692  0.22015376  0.99852000  0.03126335
321  3.23807831  0.00867648  0.97367632  0.09670106  1.08276102  0.10121025  1.18164097  0.22038770  0.99844000  0.03186226
322  3.24247544  0.01065652  1.00839516  0.09684477  1.03585413  0.10137394  1.19822615  0.22071118  0.99870000  0.03180957
323  3.26284048  0.00817178  1.00035241  0.09700126  1.04789221  0.10153347  1.21459586  0.22093048  0.99860000  0.03130507
324  3.24418851  0.00944767  1.00912568  0.09715102  1.05238722  0.10169097  1.18267561  0.22120261  0.99886000  0.03150225
325  3.26022986  0.01121470  0.98657670  0.09730658  1.05596345  0.10185150  1.21768972  0.22155285  0.99844000  0.03145909
326  3.23950392  0.00997117  1.00747835  0.09745324  1.06578848  0.10201273  1.16623709  0.22184799  0.99840000  0.03160453
327  3.18785497  0.00770876  0.93297320  0.09761308  1.13755979  0.10218510  1.11732198  0.22204647  0.99850000  0.03181696
328  3.21417891  0.00884642  0.95451092  0.09775464  1.10151504  0.10236721  1.15815295  0.22228181  0.99832000  0.03122330
329  3.24469768  0.01165776  0.98497855  0.09790022  1.06298584  0.10254084  1.19673328  0.22265039  0.99866000  0.03126550
330  3.24053740  0.00929699  0.96223927  0.09805354  1.09899548  0.10270899  1.17930266  0.22291222  0.99866000  0.03171778
331  3.20809340  0.00840014  0.97819219  0.09819807  1.06485510  0.10287869  1.16504611  0.22313534  0.99846000  0.03154564
332  3.21277621  0.00737180  0.99913009  0.09834364  1.04732915  0.10303907  1.16631697  0.22332061  0.99842000  0.03128624
333  3.23613432  0.01336254  0.98185215  0.09849585  1.07691197  0.10320007  1.17737020  0.22378423  0.99862000  0.03134537
334  3.24851280  0.00932197  1.01023285  0.09864114  1.05125913  0.10336394  1.18702083  0.22404366  0.99844000  0.03176665
335  3.25163581  0.00980154  0.98073019  0.09879659  1.07401370  0.10352758  1.19689192  0.22432432  0.99856000  0.03151727
336  3.21621935  0.00941112  0.94623940  0.09894619  1.10882931  0.10369525  1.16115064  0.22458843  0.99850000  0.03161240
337  3.20787851  0.01104679  0.93656830  0.09909174  1.11595828  0.10387064  1.15535194  0.22492266  0.99844000  0.03162384
338  3.24091270  0.00723527  0.98951689  0.09923059  1.08844049  0.10404474  1.16295533  0.22510255  0.99842000  0.03140378
339  3.22917034  0.01006345  0.98649459  0.09937731  1.06396210  0.10421005  1.17871366  0.22539035  0.99864000  0.03142238
340  3.24067828  0.00775881  0.98663583  0.09952651  1.06756320  0.10437345  1.18647926  0.22558857  0.99868000  0.03181672
341  3.23939140  0.00739351  0.97600373  0.09967754  1.09612194  0.10454198  1.16726573  0.22577601  0.99820000  0.03245211
342  3.23498121  0.00807932  0.98431127  0.09982096  1.07850321  0.10470868  1.17216673  0.22598451  0.99840000  0.03178144
343  3.19086628  0.00657559  0.96788962  0.09996764  1.10592787  0.10487425  1.11704878  0.22614449  0.99850000  0.03173065
344  3.21727387  0.01153201  0.97550360  0.10011326  1.08220786  0.10504570  1.15956241  0.22649644  0.99892000  0.03137517
345  3.23186179  0.00852398  0.98651631  0.10025596  1.07217755  0.10520885  1.17316793  0.22671934  0.99836000  0.03188348
346  3.20525016  0.01059814  0.96004320  0.10040176  1.08641915  0.10536818  1.15878781  0.22702992  0.99844000  0.03180361
347  3.21214872  0.00893132  0.97465820  0.10054453  1.09979434  0.10553646  1.13769618  0.22726842  0.99840000  0.03145409
348  3.22253952  0.00846740  0.96205579  0.10069334  1.08517309  0.10570723  1.17531064  0.22748571  0.99878000  0.03124428
349  3.24915414  0.01180013  1.01431227  0.10083335  1.05866437  0.10587003  1.17617750  0.22785621  0.99846000  0.03155804
350  3.21693416  0.01379939  0.95184170  0.10098871  1.10862891  0.10603468  1.15646355  0.22833757  0.99840000  0.03147674
351  3.23866347  0.00802924  0.99918289  0.10112558  1.07158019  0.10620310  1.16790039  0.22854135  0.99872000  0.03167319
352  3.20663560  0.00897100  0.98275344  0.10127169  1.09766436  0.10636411  1.12621780  0.22878084  0.99838000  0.03180695
353  3.23548313  0.00847789  1.00699277  0.10141383  1.06583583  0.10652620  1.16265452  0.22899690  0.99880000  0.03138828
354  3.23001212  0.00844262  0.97272358  0.10156285  1.10491150  0.10668828  1.15237705  0.22921555  0.99852000  0.03126144
355  3.26015151  0.02585559  0.97901792  0.10170267  1.08696958  0.10685367  1.19416401  0.23073095  0.99862000  0.03145480
356  3.21696989  0.00801488  0.96360522  0.10184746  1.11206919  0.10701987  1.14129548  0.23093561  0.99862000  0.03141069
357  3.20035785  0.00905939  0.96502748  0.10198662  1.12196007  0.10718844  1.11337030  0.23117377  0.99836000  0.03137159
358  3.22053043  0.00740744  0.98419672  0.10212558  1.08881957  0.10735814  1.14751415  0.23134988  0.99830000  0.03145933
359  3.21753695  0.00777290  0.94611466  0.10227208  1.14085481  0.10752669  1.13056748  0.23154166  0.99848000  0.03142786
360  3.21257276  0.00892765  0.94793196  0.10241284  1.13920892  0.10770689  1.12543188  0.23177296  0.99840000  0.03116322
361  3.21071204  0.01926020  0.97839136  0.10254721  1.09526685  0.10787729  1.13705383  0.23262986  0.99840000  0.03125501
362  3.24156186  0.01122552  0.98037025  0.10268881  1.08142449  0.10803844  1.17976712  0.23295950  0.99848000  0.03096509
363  3.21723484  0.00937976  0.99279971  0.10282907  1.09368805  0.10819845  1.13074709  0.23321207  0.99866000  0.03190374
364  3.22047520  0.01033288  1.00359406  0.10297325  1.06526134  0.10836115  1.15161980  0.23349921  0.99886000  0.03194404
365  3.25566036  0.00779628  0.98259732  0.10312156  1.09407763  0.10852146  1.17898540  0.23369044  0.99842000  0.03186798
366  3.26203079  0.00766708  0.97702047  0.10326373  1.10920348  0.10868840  1.17580684  0.23388050  0.99848000  0.03153181
367  3.22014567  0.00805230  0.97656036  0.10340424  1.10230932  0.10885493  1.14127598  0.23408223  0.99852000  0.03142810
368  3.20492711  0.00911978  0.97415047  0.10354304  1.09183306  0.10901745  1.13894358  0.23431876  0.99844000  0.03170776
369  3.21889825  0.00710240  0.99200291  0.10368221  1.08621440  0.10918086  1.14068094  0.23448569  0.99886000  0.03156662
370  3.20045555  0.00682830  0.96424088  0.10382758  1.13532631  0.10934535  1.10088836  0.23464480  0.99830000  0.03130150
371  3.20940624  0.00789829  0.97449543  0.10396667  1.10990478  0.10951795  1.12500603  0.23483317  0.99838000  0.03166080
372  3.21179782  0.01054848  0.98697190  0.10410546  1.08854196  0.10968145  1.13628396  0.23512740  0.99846000  0.03164601
373  3.21506789  0.01045519  0.95287081  0.10424642  1.12286953  0.10984008  1.13932754  0.23541837  0.99866000  0.03139234
374  3.20239181  0.01501112  0.94848840  0.10438167  1.13551016  0.11000845  1.11839325  0.23595523  0.99842000  0.03159261
375  3.21729923  0.00737100  0.95236076  0.10451806  1.13771495  0.11018274  1.12722352  0.23612759  0.99832000  0.03154373
376  3.24980878  0.00939792  0.98452820  0.10465588  1.08570680  0.11035343  1.17957378  0.23637201  0.99854000  0.03182220
377  3.24225627  0.00932548  0.99397975  0.10479604  1.08874789  0.11051451  1.15952863  0.23661913  0.99858000  0.03185058
378  3.24598536  0.00784809  0.98950771  0.10494182  1.09348567  0.11067743  1.16299199  0.23681020  0.99842000  0.03157949
379  3.19478810  0.00729901  0.96378592  0.10508411  1.11021337  0.11083797  1.12078882  0.23698308  0.99852000  0.03163648
380  3.20962362  0.00676181  0.99486553  0.10522035  1.09254004  0.11100124  1.12221805  0.23713644  0.99868000  0.03160143
381  3.24133974  0.00911446  0.95774873  0.10536451  1.13314265  0.11116369  1.15044836  0.23736917  0.99818000  0.03159833
382  3.22396771  0.00741910  0.99327063  0.10549915  1.08494930  0.11133365  1.14574779  0.23754480  0.99852000  0.03132105
383  3.21949125  0.00900023  0.95520680  0.10563885  1.13231703  0.11149108  1.13196742  0.23777472  0.99838000  0.03133965
384  3.26084050  0.00978487  1.00163016  0.10577016  1.07105227  0.11165589  1.18815808  0.23803400  0.99874000  0.03149962
385  3.21985271  0.00844715  0.94806180  0.10591579  1.12975237  0.11181463  1.14203855  0.23824677  0.99856000  0.03198767
386  3.25714927  0.00991700  0.98846453  0.10604483  1.09739104  0.11197850  1.17129370  0.23851253  0.99818000  0.03150105
387  3.27096204  0.00660073  1.00506181  0.10618293  1.08247983  0.11213751  1.18342040  0.23866612  0.99862000  0.03176928
388  3.26573060  0.00862798  0.98268243  0.10632516  1.10183997  0.11229599  1.18120819  0.23888523  0.99846000  0.03181648
389  3.23677573  0.00985935  0.99891940  0.10646019  1.05825197  0.11245077  1.17960437  0.23915021  0.99834000  0.03208566
390  3.23754696  0.00769079  0.97373748  0.10660058  1.13726963  0.11260557  1.12653985  0.23933741  0.99836000  0.03167129
391  3.21908252  0.01155634  0.95881110  0.10673653  1.12812536  0.11277364  1.13214605  0.23967326  0.99844000  0.03107548
392  3.21687531  0.00845753  0.98403285  0.10686921  1.09970787  0.11293796  1.13313459  0.23987982  0.99846000  0.03144336
393  3.23782863  0.00840702  0.97413556  0.10700968  1.11334129  0.11310157  1.15035178  0.24008506  0.99852000  0.03149009
394  3.17593131  0.00713604  0.93161907  0.10715090  1.14773813  0.11326976  1.09657410  0.24024939  0.99848000  0.03124571
395  3.24769207  0.00993672  1.01294813  0.10727668  1.06455801  0.11343529  1.17018592  0.24050905  0.99872000  0.03141403
396  3.23690583  0.00838926  0.97678446  0.10741808  1.11411124  0.11358678  1.14601013  0.24071669  0.99864000  0.03134680
397  3.22009626  0.00810599  0.96466668  0.10755252  1.12379557  0.11374908  1.13163401  0.24091187  0.99836000  0.03126144
398  3.20127616  0.00678591  0.98280946  0.10768328  1.09380473  0.11390738  1.12466197  0.24106385  0.99866000  0.03178668
399  3.21897962  0.00814391  0.94333276  0.10782132  1.13802365  0.11406670  1.13762321  0.24125762  0.99826000  0.03123760
400  3.22177174  0.01144953  0.96932634  0.10795206  1.12323673  0.11423414  1.12920868  0.24158699  0.99852000  0.03159070
401  3.17561321  0.00679518  0.96725883  0.10808375  1.12057737  0.11439376  1.08777701  0.24173876  0.99856000  0.03175282
402  3.19492602  0.00746754  0.96294140  0.10821948  1.11699514  0.11455950  1.11498947  0.24190665  0.99840000  0.03135252
403  3.24003034  0.01175043  0.97015850  0.10835336  1.11158166  0.11472223  1.15829018  0.24224741  0.99886000  0.03132915
404  3.19842807  0.00888919  0.96153731  0.10848862  1.14012053  0.11488510  1.09677022  0.24247008  0.99826000  0.03159332
405  3.24246689  0.00733879  0.98439053  0.10862007  1.10014201  0.11505083  1.15793435  0.24263501  0.99868000  0.03175592
406  3.22684855  0.00650491  0.97956638  0.10875581  1.09989777  0.11520783  1.14738440  0.24278148  0.99844000  0.03153634
407  3.25111826  0.01535452  0.97752164  0.10888892  1.12347427  0.11536452  1.15012235  0.24332567  0.99884000  0.03147364
408  3.22037900  0.01139050  0.97516375  0.10902288  1.11374152  0.11552376  1.13147373  0.24365059  0.99840000  0.03136778
409  3.16192889  0.00707190  0.97284993  0.10915897  1.11755822  0.11568400  1.07152074  0.24380877  0.99874000  0.03148651
410  3.20496170  0.00781778  0.92688382  0.10929691  1.15799627  0.11584795  1.12008160  0.24398476  0.99848000  0.03177071
411  3.23299768  0.00872300  0.95927604  0.10942302  1.14041632  0.11601842  1.13330532  0.24419681  0.99852000  0.03325534
412  3.17848846  0.00758768  0.93057881  0.10955773  1.15815721  0.11618521  1.08975243  0.24437046  0.99820000  0.03161693
413  3.18113411  0.00717700  0.95377545  0.10968322  1.13583489  0.11635180  1.09152378  0.24452794  0.99836000  0.03138065
414  3.21029656  0.01226529  1.00438476  0.10980829  1.09164792  0.11651110  1.11426388  0.24488833  0.99876000  0.03173065
415  3.24895646  0.01321598  1.00665623  0.10994633  1.10665831  0.11666745  1.13564192  0.24530073  0.99864000  0.03159571
416  3.23818239  0.01023105  0.96776676  0.11008591  1.10977782  0.11682356  1.16063782  0.24557045  0.99858000  0.03127241
417  3.19120380  0.00864866  0.92065477  0.11022021  1.16977245  0.11698354  1.10077658  0.24578141  0.99862000  0.03151131
418  3.22067071  0.00865969  0.97254870  0.11034393  1.11064523  0.11715124  1.13747678  0.24598704  0.99840000  0.03141332
419  3.21441640  0.00701785  1.01163631  0.11047033  1.06865587  0.11730306  1.13412422  0.24614355  0.99848000  0.03136754
420  3.24961463  0.01326585  0.96676323  0.11060814  1.10608387  0.11744920  1.17676753  0.24655689  0.99834000  0.03126431
421  3.20357099  0.00690537  0.95870646  0.11073903  1.15611779  0.11760622  1.08874674  0.24671427  0.99844000  0.03112292
422  3.20151413  0.00726949  0.97488075  0.11086675  1.11538757  0.11776835  1.11124581  0.24687307  0.99862000  0.03149033
423  3.18539802  0.00687673  0.96671303  0.11099850  1.11619873  0.11792261  1.10248625  0.24702208  0.99860000  0.03157878
424  3.23118771  0.00846429  1.00519226  0.11112431  1.09809839  0.11807610  1.12789706  0.24722103  0.99852000  0.03132725
425  3.23369819  0.01164630  0.96003221  0.11126084  1.15648244  0.11823179  1.11718354  0.24755187  0.99838000  0.03157830
426  3.19483275  0.00672161  0.97630987  0.11138858  1.12002589  0.11839575  1.09849700  0.24769756  0.99860000  0.03152823
427  3.23907718  0.00733839  1.00679238  0.11151689  1.10103129  0.11855219  1.13125350  0.24786005  0.99854000  0.03181958
428  3.21841980  0.00867605  0.98648931  0.11165145  1.12250848  0.11870508  1.10942201  0.24806831  0.99852000  0.03120899
429  3.25297523  0.00749259  0.98369566  0.11178486  1.11538172  0.11886489  1.15389785  0.24823603  0.99862000  0.03140593
430  3.24524012  0.00965824  1.00171940  0.11191556  1.09365850  0.11901759  1.14986222  0.24848208  0.99840000  0.03202868
431  3.22281036  0.00721678  0.99098799  0.11204735  1.13011430  0.11916887  1.10170807  0.24864498  0.99866000  0.03163052
432  3.21594010  0.00756531  0.98005526  0.11217963  1.12965820  0.11932665  1.10622664  0.24881344  0.99844000  0.03137827
433  3.20545355  0.00735988  0.98355348  0.11230982  1.12055565  0.11948370  1.10134443  0.24897583  0.99846000  0.03144050
434  3.23055880  0.00837126  0.96802608  0.11244081  1.14398909  0.11964145  1.11854363  0.24917018  0.99844000  0.03130865
435  3.23519138  0.00824366  0.97828092  0.11257067  1.11130765  0.11980066  1.14560281  0.24936092  0.99856000  0.03163719
436  3.22482753  0.00876631  0.96491174  0.11270081  1.12338345  0.11995698  1.13653234  0.24957169  0.99856000  0.03162694
437  3.19782293  0.00752571  0.98287362  0.11283011  1.11214147  0.12011348  1.10280784  0.24974057  0.99850000  0.03121281
438  3.21246301  0.00649539  0.97029959  0.11295895  1.14951943  0.12026719  1.09264400  0.24987865  0.99832000  0.03160882
439  3.21241004  0.01007726  0.95419211  0.11308825  1.16491775  0.12043055  1.09330017  0.25013423  0.99834000  0.03152919
440  3.20977091  0.00863786  0.95499600  0.11321381  1.14258554  0.12059394  1.11218938  0.25033541  0.99840000  0.03160763
441  3.22944759  0.00797547  1.00097664  0.11333341  1.08949889  0.12074699  1.13897206  0.25051621  0.99884000  0.03204894
442  3.23565579  0.00795583  0.98263042  0.11346281  1.12268067  0.12089299  1.13034469  0.25069928  0.99816000  0.03150034
443  3.25188206  0.00996962  0.98977081  0.11359087  1.11550792  0.12104785  1.14660334  0.25095360  0.99882000  0.03132391
444  3.21820971  0.00752576  0.99250978  0.11372107  1.09905349  0.12119588  1.12664644  0.25112285  0.99852000  0.03162408
445  3.25532312  0.00823661  0.99136060  0.11385432  1.12817794  0.12135081  1.13578459  0.25131383  0.99880000  0.03161573
446  3.21906508  0.01365008  0.98780951  0.11398164  1.11214602  0.12150185  1.11910954  0.25173989  0.99862000  0.03161287
447  3.21585932  0.00732671  0.95652339  0.11411150  1.14334230  0.12165468  1.11599362  0.25190067  0.99828000  0.03165817
448  3.19252935  0.00701840  0.92984125  0.11423838  1.17479504  0.12181484  1.08789306  0.25205174  0.99844000  0.03168774
449  3.26176178  0.01220496  0.95510208  0.11435939  1.15626269  0.12198134  1.15039700  0.25239944  0.99856000  0.03172708
450  3.21469654  0.00918710  1.00385579  0.11447999  1.11715002  0.12213977  1.09369074  0.25262396  0.99868000  0.03152514
451  3.24326837  0.00765632  0.97298178  0.11461143  1.14767476  0.12229320  1.12261184  0.25279269  0.99866000  0.03134584
452  3.21146417  0.00707291  0.96149637  0.11473979  1.15679838  0.12245538  1.09316942  0.25294598  0.99838000  0.03179479
453  3.24640821  0.00810389  0.96686370  0.11486621  1.13375249  0.12261862  1.14579202  0.25312797  0.99860000  0.03125787
454  3.22020807  0.00732203  0.98969536  0.11499047  1.11872044  0.12277382  1.11179227  0.25329060  0.99826000  0.03151798
455  3.22416891  0.00985021  0.99751059  0.11511719  1.11357482  0.12292320  1.11308350  0.25353556  0.99890000  0.03137684
456  3.22700086  0.01264861  0.96676063  0.11524883  1.14718199  0.12307751  1.11305824  0.25390442  0.99860000  0.03117728
457  3.17785936  0.00590336  0.99593627  0.11537148  1.11390884  0.12323150  1.06801424  0.25402565  0.99842000  0.03139329
458  3.24580936  0.01643105  1.00067220  0.11549927  1.09655887  0.12337995  1.14857829  0.25460614  0.99840000  0.03148341
459  3.19235844  0.00607665  0.97821774  0.11562860  1.13525142  0.12352588  1.07888928  0.25473475  0.99858000  0.03154373
460  3.18666244  0.00747102  0.93956027  0.11575880  1.16912036  0.12368475  1.07798182  0.25489392  0.99884000  0.03156161
461  3.22014210  0.00690543  0.98089189  0.11587716  1.13971157  0.12384404  1.09953864  0.25503791  0.99842000  0.03109765
462  3.18408425  0.00708808  0.95806390  0.11600547  1.16197696  0.12400154  1.06404338  0.25518805  0.99864000  0.03116035
463  3.23016291  0.00765593  0.95127864  0.11613084  1.14612276  0.12416105  1.13276151  0.25535137  0.99844000  0.03131247
464  3.21402529  0.00731982  0.96658354  0.11625095  1.13881395  0.12431535  1.10862780  0.25551083  0.99844000  0.03138590
465  3.22501789  0.01138132  0.99295449  0.11637159  1.12606989  0.12446674  1.10599351  0.25581726  0.99858000  0.03134966
466  3.26089313  0.00972550  0.95855981  0.11650091  1.11956803  0.12461880  1.18276529  0.25605415  0.99850000  0.03115559
467  3.23225958  0.00956696  0.97640465  0.11662490  1.12320501  0.12476884  1.13264992  0.25629174  0.99816000  0.03160715
468  3.22759337  0.01205081  0.98237956  0.11674785  1.12810882  0.12491671  1.11710499  0.25662950  0.99886000  0.03145337
469  3.17827406  0.00855742  0.95446513  0.11687385  1.13168701  0.12506602  1.09212192  0.25682414  0.99838000  0.03130507
470  3.20669659  0.00686609  0.99862795  0.11699114  1.10321996  0.12521444  1.10484869  0.25696645  0.99852000  0.03163862
471  3.18847853  0.00621371  0.99803278  0.11711502  1.12273117  0.12535631  1.06771458  0.25709337  0.99856000  0.03127575
472  3.24588771  0.00999184  0.97954033  0.11724348  1.11222500  0.12550573  1.15412238  0.25733618  0.99812000  0.03117800
473  3.20943202  0.00889129  0.95050486  0.11736683  1.13338743  0.12565009  1.12553974  0.25754534  0.99876000  0.03173590
474  3.18818329  0.00975436  0.96527388  0.11748877  1.13174800  0.12580092  1.09116141  0.25778301  0.99858000  0.03148031
475  3.23313984  0.00682281  0.99617585  0.11761209  1.11133376  0.12595381  1.12563023  0.25792419  0.99842000  0.03123569
476  3.23669562  0.00760283  0.97627994  0.11773934  1.13137457  0.12610039  1.12904111  0.25809007  0.99860000  0.03166127
477  3.22987257  0.00780974  0.96808000  0.11786112  1.14734551  0.12625008  1.11444705  0.25826267  0.99846000  0.03151536
478  3.19125738  0.00690421  0.96120611  0.11798186  1.13908022  0.12640303  1.09097105  0.25840699  0.99856000  0.03163886
479  3.19734389  0.00722767  0.91743003  0.11810876  1.16878720  0.12655997  1.11112665  0.25855749  0.99844000  0.03130984
480  3.19486128  0.00699983  0.95099727  0.11822426  1.12425937  0.12671393  1.11960464  0.25870306  0.99846000  0.03138399
481  3.20041914  0.00738590  1.00203657  0.11834105  1.08626041  0.12685799  1.11212216  0.25886056  0.99830000  0.03152466
482  3.20092868  0.01081216  0.95070840  0.11847036  1.16110281  0.12700147  1.08911747  0.25913836  0.99806000  0.03150225
483  3.21623657  0.00917232  0.96450290  0.11859157  1.14361871  0.12715800  1.10811495  0.25935071  0.99844000  0.03136110
484  3.23394197  0.00830732  0.98919686  0.11870918  1.09603098  0.12730518  1.14871413  0.25953503  0.99864000  0.03138685
485  3.19117440  0.00786551  0.94679263  0.11883540  1.16431123  0.12744845  1.08007055  0.25970890  0.99800000  0.03135204
486  3.24684029  0.01171441  0.96022803  0.11895402  1.17027982  0.12760420  1.11633245  0.26002339  0.99888000  0.03157115
487  3.21824385  0.00777039  0.96962159  0.11907445  1.13244253  0.12775973  1.11617972  0.26019171  0.99874000  0.03166437
488  3.22664913  0.00988425  0.96662745  0.11919790  1.13571286  0.12790838  1.12430882  0.26043175  0.99856000  0.03115582
489  3.22481632  0.00755945  0.96972470  0.11931822  1.14975923  0.12805765  1.10533239  0.26059483  0.99804000  0.03157711
490  3.22769061  0.01114374  0.95135556  0.11944022  1.15914245  0.12821052  1.11719261  0.26088453  0.99818000  0.03200817
491  3.27727679  0.01479128  0.97329634  0.11955843  1.13658744  0.12836385  1.16739301  0.26135661  0.99862000  0.03159904
492  3.19969975  0.00714688  0.98325653  0.11967674  1.13905783  0.12851059  1.07738539  0.26151092  0.99868000  0.03140163
493  3.20659123  0.00754118  1.00008137  0.11979582  1.09289248  0.12865507  1.11361738  0.26166799  0.99830000  0.03185296
494  3.23016426  0.00821950  1.02109541  0.11991664  1.07856867  0.12879155  1.13050017  0.26184898  0.99854000  0.03097224
495  3.24073212  0.00898110  0.95781492  0.12004707  1.14011076  0.12892965  1.14280644  0.26205612  0.99820000  0.03150010
496  3.25479500  0.00779879  0.97508714  0.12016393  1.11911583  0.12907422  1.16059202  0.26222658  0.99836000  0.03178978
497  3.25518252  0.01040236  0.95713983  0.12028358  1.14959014  0.12921899  1.14845255  0.26248939  0.99860000  0.03106880
498  3.22625233  0.01343024  0.95724846  0.12040341  1.16456909  0.12937091  1.10443478  0.26288791  0.99834000  0.03127313
499  3.22969284  0.00732146  0.98916492  0.12051534  1.14112655  0.12951812  1.09940138  0.26304146  0.99842000  0.03148746

               Final results
==============================================
 Total energy            : 3.2137318982 (with STD = 0.0068039902)
 Kinetic energy          : 1.0002793867 (with STD = 0.1206362410)
 External energy         : 1.0980589853 (with STD = 0.1296631286)
 Interaction energy      : 1.1153935262 (with STD = 0.2631794355)
 Acceptence Ratio        : 0.9986600000

Finished computation at Thu Jan  7 17:28:27 2021
Elapsed time: 15.8163737720s

Average CPU time before convergence: 0.0315941662
