__      ____  __          _____ _    _ _____ _   _ ______ 
\ \    / /  \/  |   /\   / ____| |  | |_   _| \ | |  ____|
 \ \  / /| \  / |  /  \ | |    | |__| | | | |  \| | |__   
  \ \/ / | |\/| | / /\ \| |    |  __  | | | | . ` |  __|  
   \  /  | |  | |/ ____ \ |____| |  | |_| |_| |\  | |____ 
    \/   |_|  |_/_/    \_\_____|_|  |_|_____|_| \_|______|
==========================================================

Started computation at Thu Jan  7 17:22:54 2021
Running on 1 CPU threads using Open MPI
Simulation is run from the directory: 


             SYSTEM INFORMATION
==============================================
Number of particles:      2
Number of dimensions:     2
Interaction style:        no interaction
Hamiltonian:              harmonic oscillator
Initial state:            random normal
Oscillator frequency:     1.000000


           WAVE FUNCTION INFORMATION
==============================================
Element 0:                Gaussian
Basis:                    no basis
Initial parameters:       constant
Number of parameters:     1
Number of hidden nodes:   2
Print parameters to file: false


            SIMULATION INFORMATION
==============================================
Max number of iterations: 100
Number of MC cycles:      1000
Number of burn-in cycles: 1
Learning rate:            0.500000
Step length:              0.100000
Equilibration fraction:   0.001000
Sampling:                 Metropolis-Hastings
Optimization:             gradient descent
Random number generator:  Mersenne-Twister


               PARTICLE DENSITY
==============================================
Compute radial one-body density:  false
Compute spatial one-body density: false
Compute radial two-body density:  false
Max radius of electron density:   5.000000
Number of bins in each direction: 1000


                  RESAMPLING
==============================================
Do resampling:            false
Print energies to file:   false


                  CONVERGENCE
==============================================
Check convergence:        false
Tolerance:                0.000000
Number of energies:       5


                 ADAPTIVE STEPS
==============================================
Apply adaptive steps:       false
Range of adaptive steps:    10
Additional steps:           4
Additional steps last iter: 8


Step  Energy  Energy_STD  Kinetic  Kinetic_STD  External  External_STD  Interaction  Interaction_STD  Acceptence  CPU_time
1  2.00000000  0.00000000  1.26395877  0.01343981  0.73604123  0.01343981  0.00000000  0.00000000  0.99100000  0.00057197
2  2.00000000  0.00000000  0.99730577  0.04737317  1.00269423  0.03447292  0.00000000  0.00000000  0.98900000  0.00054669
3  2.00000000  0.00000000  1.27961007  0.05869690  0.72038993  0.04899253  0.00000000  0.00000000  0.98500000  0.00055456
4  2.00000000  0.00000000  1.16997853  0.07308457  0.83002147  0.05637248  0.00000000  0.00000000  0.98800000  0.00054955
5  2.00000000  0.00000000  1.15664975  0.08345584  0.84335025  0.06419864  0.00000000  0.00000000  0.98900000  0.00054955
6  2.00000000  0.00000000  1.24853332  0.09240573  0.75146668  0.07119556  0.00000000  0.00000000  0.98800000  0.00054741
7  2.00000000  0.00000000  1.12665420  0.10170864  0.87334580  0.07668444  0.00000000  0.00000000  0.98000000  0.00055289
8  2.00000000  0.00000000  1.04611887  0.10912576  0.95388113  0.08329267  0.00000000  0.00000000  0.98300000  0.00078583
9  2.00000000  0.00000000  1.02283923  0.11525541  0.97716077  0.09015860  0.00000000  0.00000000  0.98800000  0.00052691
10  2.00000000  0.00000000  1.09154293  0.12092036  0.90845707  0.09682531  0.00000000  0.00000000  0.98500000  0.00052857
11  2.00000000  0.00000000  1.13350438  0.12801170  0.86649562  0.10379899  0.00000000  0.00000000  0.98700000  0.00052881
12  2.00000000  0.00000000  1.00045868  0.13426512  0.99954132  0.10899697  0.00000000  0.00000000  0.98900000  0.00052810
13  2.00000000  0.00000000  1.21897289  0.13880237  0.78102711  0.11453157  0.00000000  0.00000000  0.98700000  0.00052762
14  2.00000000  0.00000000  0.98067951  0.14570185  1.01932049  0.11918272  0.00000000  0.00000000  0.98500000  0.00053620
15  2.00000000  0.00000000  1.22514367  0.14997981  0.77485633  0.12468647  0.00000000  0.00000000  0.99200000  0.00106192
16  2.00000000  0.00000000  1.23510803  0.15547414  0.76489197  0.12776699  0.00000000  0.00000000  0.98700000  0.00112343
17  2.00000000  0.00000000  1.10367447  0.16131125  0.89632553  0.13127485  0.00000000  0.00000000  0.98200000  0.00109816
18  2.00000000  0.00000000  1.28835621  0.16565918  0.71164379  0.13505567  0.00000000  0.00000000  0.99000000  0.00112629
19  2.00000000  0.00000000  1.15677526  0.17139508  0.84322474  0.13791271  0.00000000  0.00000000  0.98600000  0.00109482
20  2.00000000  0.00000000  1.15544758  0.17630700  0.84455242  0.14177694  0.00000000  0.00000000  0.98900000  0.00109363
21  2.00000000  0.00000000  1.25844067  0.18058315  0.74155933  0.14493111  0.00000000  0.00000000  0.99000000  0.00110579
22  2.00000000  0.00000000  1.14385027  0.18573073  0.85614973  0.14784076  0.00000000  0.00000000  0.98600000  0.00112629
23  2.00000000  0.00000000  0.96820712  0.19043567  1.03179288  0.15182666  0.00000000  0.00000000  0.98700000  0.00113916
24  2.00000000  0.00000000  1.22667298  0.19342290  0.77332702  0.15596531  0.00000000  0.00000000  0.99100000  0.00086999
25  2.00000000  0.00000000  1.18920743  0.19786391  0.81079257  0.15860705  0.00000000  0.00000000  0.99100000  0.00074840
26  2.00000000  0.00000000  1.13469983  0.20202109  0.86530017  0.16143654  0.00000000  0.00000000  0.98100000  0.00074172
27  2.00000000  0.00000000  1.02077342  0.20621533  0.97922658  0.16503090  0.00000000  0.00000000  0.98200000  0.00074387
28  2.00000000  0.00000000  1.07664734  0.20994941  0.92335266  0.16942874  0.00000000  0.00000000  0.99100000  0.00073957
29  2.00000000  0.00000000  1.28960136  0.21322646  0.71039864  0.17258702  0.00000000  0.00000000  0.99000000  0.00073934
30  2.00000000  0.00000000  1.22512412  0.21781657  0.77487588  0.17494687  0.00000000  0.00000000  0.98900000  0.00074959
31  2.00000000  0.00000000  1.17008526  0.22171974  0.82991474  0.17726109  0.00000000  0.00000000  0.98300000  0.00074172
32  2.00000000  0.00000000  1.12003329  0.22541705  0.87996671  0.17998432  0.00000000  0.00000000  0.98800000  0.00072455
33  2.00000000  0.00000000  0.93942932  0.22900318  1.06057068  0.18314976  0.00000000  0.00000000  0.97600000  0.00071120
34  2.00000000  0.00000000  1.06299074  0.23153558  0.93700926  0.18695558  0.00000000  0.00000000  0.98200000  0.00072408
35  2.00000000  0.00000000  1.03867278  0.23457780  0.96132722  0.19004853  0.00000000  0.00000000  0.98300000  0.00071883
36  2.00000000  0.00000000  1.20629296  0.23751679  0.79370704  0.19326467  0.00000000  0.00000000  0.98800000  0.00115657
37  2.00000000  0.00000000  1.07438289  0.24122949  0.92561711  0.19571280  0.00000000  0.00000000  0.98200000  0.00109720
38  2.00000000  0.00000000  1.15190468  0.24433995  0.84809532  0.19878711  0.00000000  0.00000000  0.98600000  0.00110102
39  2.00000000  0.00000000  1.37496043  0.24734358  0.62503957  0.20096152  0.00000000  0.00000000  0.98900000  0.00110984
40  2.00000000  0.00000000  0.89916472  0.25215675  1.10083528  0.20319909  0.00000000  0.00000000  0.98600000  0.00109291
41  2.00000000  0.00000000  1.30642400  0.25422349  0.69357600  0.20673599  0.00000000  0.00000000  0.99100000  0.00109649
42  2.00000000  0.00000000  1.14488656  0.25803181  0.85511344  0.20848239  0.00000000  0.00000000  0.99600000  0.00110221
43  2.00000000  0.00000000  1.18720653  0.26109544  0.81279347  0.21089279  0.00000000  0.00000000  0.98500000  0.00109124
44  2.00000000  0.00000000  1.19932857  0.26432086  0.80067143  0.21312352  0.00000000  0.00000000  0.98300000  0.00109911
45  2.00000000  0.00000000  1.16778546  0.26758607  0.83221454  0.21531629  0.00000000  0.00000000  0.98800000  0.00082421
46  2.00000000  0.00000000  0.99629079  0.27092694  1.00370921  0.21791987  0.00000000  0.00000000  0.98500000  0.00071955
47  2.00000000  0.00000000  1.14875851  0.27323281  0.85124149  0.22081364  0.00000000  0.00000000  0.98600000  0.00071383
48  2.00000000  0.00000000  1.28140805  0.27619518  0.71859195  0.22313951  0.00000000  0.00000000  0.99100000  0.00071406
49  2.00000000  0.00000000  1.05327174  0.27971970  0.94672826  0.22499987  0.00000000  0.00000000  0.98800000  0.00071073
50  2.00000000  0.00000000  1.17947081  0.28229512  0.82052919  0.22772633  0.00000000  0.00000000  0.98800000  0.00070739
51  2.00000000  0.00000000  1.07297650  0.28544344  0.92702350  0.23006264  0.00000000  0.00000000  0.98900000  0.00071979
52  2.00000000  0.00000000  1.31247507  0.28773918  0.68752493  0.23227740  0.00000000  0.00000000  0.98900000  0.00071549
53  2.00000000  0.00000000  1.17111967  0.29119253  0.82888033  0.23388489  0.00000000  0.00000000  0.98500000  0.00073528
54  2.00000000  0.00000000  1.20030494  0.29395986  0.79969506  0.23587491  0.00000000  0.00000000  0.98700000  0.00074053
55  2.00000000  0.00000000  1.19867561  0.29677844  0.80132439  0.23769897  0.00000000  0.00000000  0.98900000  0.00071979
56  2.00000000  0.00000000  1.21406108  0.29982633  0.78593892  0.23984262  0.00000000  0.00000000  0.99100000  0.00073290
57  2.00000000  0.00000000  0.91585886  0.30295223  1.08414114  0.24197616  0.00000000  0.00000000  0.99000000  0.00074816
58  2.00000000  0.00000000  1.16054964  0.30479008  0.83945036  0.24496115  0.00000000  0.00000000  0.99000000  0.00058246
59  2.00000000  0.00000000  1.26752778  0.30738100  0.73247222  0.24688024  0.00000000  0.00000000  0.99400000  0.00049329
60  2.00000000  0.00000000  1.11040864  0.31041068  0.88959136  0.24849840  0.00000000  0.00000000  0.98800000  0.00049257
61  2.00000000  0.00000000  1.09743513  0.31286604  0.90256487  0.25067946  0.00000000  0.00000000  0.98800000  0.00049186
62  2.00000000  0.00000000  1.23419986  0.31529451  0.76580014  0.25293461  0.00000000  0.00000000  0.98300000  0.00047851
63  2.00000000  0.00000000  1.14352146  0.31814136  0.85647854  0.25464174  0.00000000  0.00000000  0.98400000  0.00047565
64  2.00000000  0.00000000  1.03584881  0.32093654  0.96415119  0.25701103  0.00000000  0.00000000  0.97600000  0.00051570
65  2.00000000  0.00000000  1.06509655  0.32309808  0.93490345  0.25942894  0.00000000  0.00000000  0.98400000  0.00047493
66  2.00000000  0.00000000  1.30592092  0.32525243  0.69407908  0.26160995  0.00000000  0.00000000  0.99200000  0.00048018
67  2.00000000  0.00000000  1.12421058  0.32826219  0.87578942  0.26302663  0.00000000  0.00000000  0.98800000  0.00046968
68  2.00000000  0.00000000  1.11817403  0.33063757  0.88182597  0.26504961  0.00000000  0.00000000  0.99000000  0.00047445
69  2.00000000  0.00000000  1.13322609  0.33297851  0.86677391  0.26708068  0.00000000  0.00000000  0.98800000  0.00047493
70  2.00000000  0.00000000  1.18872864  0.33537977  0.81127136  0.26908008  0.00000000  0.00000000  0.98000000  0.00047565
71  2.00000000  0.00000000  1.23361857  0.33780891  0.76638143  0.27071099  0.00000000  0.00000000  0.98600000  0.00047684
72  2.00000000  0.00000000  1.08563132  0.34056652  0.91436868  0.27243469  0.00000000  0.00000000  0.97900000  0.00047970
73  2.00000000  0.00000000  1.02311226  0.34282056  0.97688774  0.27462432  0.00000000  0.00000000  0.98600000  0.00047469
74  2.00000000  0.00000000  1.17253877  0.34491615  0.82746123  0.27706909  0.00000000  0.00000000  0.99100000  0.00047541
75  2.00000000  0.00000000  1.02764185  0.34745807  0.97235815  0.27899299  0.00000000  0.00000000  0.98900000  0.00047350
76  2.00000000  0.00000000  1.07957009  0.34947277  0.92042991  0.28130166  0.00000000  0.00000000  0.99000000  0.00047636
77  2.00000000  0.00000000  1.15412700  0.35150823  0.84587300  0.28326519  0.00000000  0.00000000  0.98800000  0.00046730
78  2.00000000  0.00000000  1.11233463  0.35383796  0.88766537  0.28507179  0.00000000  0.00000000  0.98600000  0.00031710
79  2.00000000  0.00000000  1.24114248  0.35583508  0.75885752  0.28676452  0.00000000  0.00000000  0.98600000  0.00031710
80  2.00000000  0.00000000  1.10107349  0.35832484  0.89892651  0.28817946  0.00000000  0.00000000  0.98400000  0.00031638
81  2.00000000  0.00000000  1.10106922  0.36047287  0.89893078  0.29015015  0.00000000  0.00000000  0.98800000  0.00034761
82  2.00000000  0.00000000  1.02878617  0.36268762  0.97121383  0.29220618  0.00000000  0.00000000  0.98500000  0.00033188
83  2.00000000  0.00000000  1.03162774  0.36470565  0.96837226  0.29451182  0.00000000  0.00000000  0.98100000  0.00033212
84  2.00000000  0.00000000  1.26284441  0.36650337  0.73715559  0.29652185  0.00000000  0.00000000  0.98600000  0.00033808
85  2.00000000  0.00000000  0.97956643  0.36911792  1.02043357  0.29798851  0.00000000  0.00000000  0.98800000  0.00034404
86  2.00000000  0.00000000  1.14592215  0.37071114  0.85407785  0.30009597  0.00000000  0.00000000  0.98300000  0.00037265
87  2.00000000  0.00000000  0.99086267  0.37285808  1.00913733  0.30177856  0.00000000  0.00000000  0.99500000  0.00034571
88  2.00000000  0.00000000  0.97376279  0.37470217  1.02623721  0.30411416  0.00000000  0.00000000  0.98100000  0.00032926
89  2.00000000  0.00000000  1.13820679  0.37633709  0.86179321  0.30629766  0.00000000  0.00000000  0.98900000  0.00032806
90  2.00000000  0.00000000  1.12086685  0.37844133  0.87913315  0.30798323  0.00000000  0.00000000  0.98700000  0.00032949
91  2.00000000  0.00000000  1.22903319  0.38051696  0.77096681  0.30975073  0.00000000  0.00000000  0.98900000  0.00032854
92  2.00000000  0.00000000  1.22396310  0.38278904  0.77603690  0.31106861  0.00000000  0.00000000  0.99300000  0.00035715
93  2.00000000  0.00000000  1.19286650  0.38499243  0.80713350  0.31234524  0.00000000  0.00000000  0.98300000  0.00034451
94  2.00000000  0.00000000  1.28716940  0.38713990  0.71283060  0.31376139  0.00000000  0.00000000  0.98600000  0.00033259
95  2.00000000  0.00000000  1.00373644  0.38990272  0.99626356  0.31534800  0.00000000  0.00000000  0.99200000  0.00033212
96  2.00000000  0.00000000  1.20624855  0.39140670  0.79375145  0.31718210  0.00000000  0.00000000  0.99000000  0.00033092
97  2.00000000  0.00000000  1.25789237  0.39355207  0.74210763  0.31853339  0.00000000  0.00000000  0.98300000  0.00033188
98  2.00000000  0.00000000  1.00634021  0.39600439  0.99365979  0.31995030  0.00000000  0.00000000  0.98800000  0.00033903
99  2.00000000  0.00000000  1.07652554  0.39782556  0.92347446  0.32216228  0.00000000  0.00000000  0.98600000  0.00031662

               Final results
==============================================
 Total energy            : 2.0000000000 (with STD = 0.0000000000)
 Kinetic energy          : 1.0456138364 (with STD = 0.3997997565)
 External energy         : 0.9543861636 (with STD = 0.3241251347)
 Interaction energy      : 0.0000000000 (with STD = 0.0000000000)
 Acceptence Ratio        : 0.9810000000

Finished computation at Thu Jan  7 17:22:55 2021
Elapsed time: 0.0736521310s

Average CPU time before convergence: 0.0006733584
