__      ____  __          _____ _    _ _____ _   _ ______ 
\ \    / /  \/  |   /\   / ____| |  | |_   _| \ | |  ____|
 \ \  / /| \  / |  /  \ | |    | |__| | | | |  \| | |__   
  \ \/ / | |\/| | / /\ \| |    |  __  | | | | . ` |  __|  
   \  /  | |  | |/ ____ \ |____| |  | |_| |_| |\  | |____ 
    \/   |_|  |_/_/    \_\_____|_|  |_|_____|_| \_|______|
==========================================================

Started computation at Mon Dec 28 22:29:47 2020
Running on 1 CPU threads using OpenMPI
Simulation is run from the directory: 


             SYSTEM INFORMATION
==============================================
Number of particles:      2
Number of dimensions:     2
Interaction:              true
Hamiltonian:              0x55ad166853c0
Initial state:            0x55ad1652e280
Oscillator frequency:     1.000000


           WAVE FUNCTION INFORMATION
==============================================
Element 0:                0x55ad1660a1f0
Element 1:                0x55ad1665b7e0
Element 2:                0x55ad16626870
Basis:                    0x55ad1665b770
Initial parameters:       0x55ad1652e2f0
Number of parameters:     14
Number of hidden nodes:   2
Print parameters to file: false


            SIMULATION INFORMATION
==============================================
Max number of iterations: 100
Number of MC cycles:      131072
Number of burn-in cycles: 131
Learning rate:            0.100000
Step length:              0.100000
Equilibration fraction:   0.001000
Sampling:                 0x55ad1652e3a0


               ELECTRON DENSITY
==============================================
Compute radial one-body density:  false
Compute spatial one-body density: false
Compute radial two-body density:  false
Max radius of electron density:   5.000000
Number of bins in each direction: 1000


                  RESAMPLING
==============================================
Do resampling:            true
Print energies to file:   true


                  CONVERGENCE
==============================================
Check convergence:        false
Tolerance:                0.000000
Number of energies:       5


                 ADAPTIVE STEPS
==============================================
Apply adaptive steps:       false
Range of adaptive steps:    10
Additional steps:           4
Additional steps last iter: 8


Step  Energy  Energy_STD  Kinetic  Kinetic_STD  External  External_STD  Interaction  Interaction_STD  Acceptence  CPU_time
1  3.24452253  0.01180486  0.98648104  0.00195132  1.02264527  0.00196788  1.23539621  0.01180098  0.99855042  0.25740324
2  3.22806895  0.00766286  0.96177662  0.00389085  1.04450360  0.00397742  1.22178874  0.01447745  0.99852753  0.25766645
3  3.27294020  0.01081332  0.97936347  0.00509829  1.02378562  0.00528996  1.26979110  0.01838188  0.99862671  0.25784832
4  3.24364448  0.00594652  0.98730296  0.00609559  1.01759188  0.00631452  1.23874964  0.01963553  0.99853516  0.26054898
5  3.22880631  0.00624268  0.93870890  0.00698570  1.06450516  0.00721136  1.22559225  0.02088617  0.99839020  0.25872845
6  3.23575077  0.00653502  0.98029875  0.00770468  1.02171939  0.00803054  1.23373262  0.02214436  0.99864960  0.25673160
7  3.24383594  0.00654228  0.97307629  0.00840659  1.03287634  0.00874472  1.23788330  0.02334075  0.99858856  0.25563413
8  3.20528681  0.00520182  0.96776111  0.00904068  1.03817152  0.00940807  1.19935418  0.02415632  0.99858093  0.25816812
9  3.24547130  0.00525125  0.98483698  0.00963312  1.01963426  0.01003422  1.24100006  0.02494129  0.99855804  0.25637639
10  3.19367496  0.00527856  0.95290944  0.01020688  1.05079008  0.01061256  1.18997544  0.02572291  0.99848175  0.25678059
11  3.22426816  0.00547800  0.97101654  0.01072126  1.03644784  0.01117694  1.21680378  0.02650367  0.99851227  0.26158483
12  3.23907262  0.00550119  0.96726182  0.01122406  1.04153046  0.01170646  1.23028034  0.02727582  0.99853516  0.26063837
13  3.21390912  0.00667140  0.99311289  0.01169476  1.01163735  0.01220590  1.20915888  0.02828313  0.99870300  0.25560430
14  3.23927650  0.00557455  0.95465621  0.01217713  1.05634974  0.01268341  1.22827056  0.02901935  0.99867249  0.26017970
15  3.24932544  0.01109766  0.97001744  0.01261503  1.03940130  0.01316671  1.23990670  0.03125318  0.99846649  0.34191735
16  3.26062905  0.00671023  0.98273053  0.01304912  1.02495496  0.01362434  1.25294355  0.03214747  0.99868011  0.28651880
17  3.23287793  0.00583046  0.98248130  0.01346836  1.02649540  0.01405221  1.22390123  0.03285412  0.99857330  0.26315820
18  3.26280861  0.00835932  0.97326662  0.01388571  1.03946546  0.01448015  1.25007653  0.03406830  0.99852753  0.27310050
19  3.24925677  0.00576498  1.00124002  0.01427298  1.01064654  0.01488836  1.23737021  0.03472367  0.99852753  0.25984024
20  3.25442506  0.00785852  0.99394268  0.01466890  1.01545736  0.01527524  1.24502501  0.03576446  0.99847412  0.26204503
21  3.24160339  0.00604814  0.96251739  0.01505350  1.04766817  0.01565735  1.23141783  0.03643442  0.99840546  0.29213679
22  3.22805406  0.00533801  0.97974809  0.01541167  1.03095781  0.01604445  1.21734815  0.03697938  0.99832153  0.25742318
23  3.24654087  0.00658710  0.97586969  0.01577141  1.03392257  0.01641590  1.23674861  0.03771057  0.99836731  0.27607290
24  3.24277075  0.00576648  0.96261319  0.01612399  1.04805133  0.01678349  1.23210623  0.03830091  0.99848938  0.25889926
25  3.25365546  0.01238195  0.98499533  0.01645216  1.02484492  0.01713874  1.24381520  0.04039520  0.99852753  0.25998043
26  3.25321174  0.00555487  0.99067130  0.01678601  1.02246985  0.01747991  1.24007059  0.04091909  0.99855804  0.26306641
27  3.28486911  0.01882619  0.97461720  0.01711930  1.03481988  0.01781534  1.27543203  0.04517184  0.99856567  0.29140544
28  3.21187975  0.00517009  0.96760582  0.01743880  1.04259860  0.01815089  1.20167533  0.04560220  0.99837494  0.26241973
29  3.26542103  0.01005248  1.00471376  0.01774328  1.00446813  0.01847607  1.25623913  0.04681396  0.99857330  0.26241251
30  3.23002324  0.00800765  0.95491734  0.01807240  1.05347990  0.01879405  1.22162600  0.04761983  0.99847412  0.25936230
31  3.24799054  0.00662198  0.99811389  0.01836250  1.01178307  0.01911382  1.23809358  0.04819536  0.99868011  0.25854430
32  3.23492224  0.01293995  0.97591882  0.01866784  1.03117033  0.01941316  1.22783309  0.05001841  0.99851227  0.26004724
33  3.23249987  0.00622069  0.97704014  0.01896027  1.02746707  0.01971643  1.22799267  0.05051707  0.99852753  0.25867433
34  3.22830953  0.00600664  0.97633472  0.01925244  1.02773631  0.02001729  1.22423850  0.05098526  0.99866486  0.25831587
35  3.23839360  0.00598611  0.97453047  0.01953543  1.03527142  0.02031088  1.22859171  0.05144646  0.99834442  0.25812603
36  3.26133332  0.00532370  0.98966286  0.01981693  1.02193385  0.02060639  1.24973661  0.05183195  0.99851990  0.25578857
37  3.23733270  0.00586216  0.99438125  0.02009462  1.01372388  0.02088685  1.22922756  0.05227620  0.99848175  0.25988711
38  3.22900263  0.00706525  0.95465240  0.02037876  1.05368651  0.02116937  1.22066372  0.05286017  0.99843597  0.26198170
39  3.23327179  0.00552220  0.97200777  0.02064276  1.03414152  0.02146016  1.22712250  0.05325429  0.99855042  0.25826805
40  3.24771454  0.00609215  0.99185536  0.02090732  1.01368288  0.02173754  1.24217630  0.05370847  0.99854279  0.26076463
41  3.24795736  0.00677697  0.98422093  0.02117340  1.02538333  0.02200290  1.23835311  0.05424280  0.99834442  0.33953229
42  3.26500789  0.00535409  1.00394695  0.02143456  1.00344480  0.02226995  1.25761614  0.05461334  0.99853516  0.37635479
43  3.23824869  0.00574632  0.97786706  0.02170519  1.02762219  0.02253130  1.23275945  0.05502420  0.99862671  0.27724872
44  3.23585989  0.00737136  0.98102340  0.02195605  1.02352896  0.02279085  1.23130754  0.05561994  0.99854279  0.26320162
45  3.23691277  0.00605446  0.97054575  0.02220760  1.03370575  0.02304839  1.23266127  0.05605146  0.99836731  0.28106221
46  3.24634645  0.00606371  0.98304650  0.02245435  1.02177629  0.02330789  1.24152366  0.05648106  0.99860382  0.28891224
47  3.25230109  0.00550746  0.99000767  0.02269789  1.01587769  0.02355584  1.24641573  0.05685221  0.99854279  0.28345812
48  3.24883385  0.00822405  0.96695518  0.02294982  1.03669935  0.02380771  1.24517932  0.05754704  0.99855042  0.27437311
49  3.26044766  0.03150553  0.96884803  0.02318744  1.03576154  0.02405934  1.25583810  0.06569622  0.99844360  0.27671693
50  3.24920312  0.00642810  0.99083116  0.02342067  1.01447166  0.02430644  1.24390030  0.06610087  0.99855042  0.27266009
51  3.24288007  0.00547611  0.97678104  0.02365825  1.03000959  0.02454364  1.23608945  0.06641600  0.99864197  0.27205499
52  3.21900578  0.00539928  0.96667389  0.02389156  1.03652028  0.02478540  1.21581160  0.06672236  0.99837494  0.27551295
53  3.22318413  0.00673544  0.97981799  0.02411992  1.02190956  0.02502725  1.22145658  0.06714524  0.99855042  0.26366501
54  3.24218480  0.00522925  0.99640204  0.02434842  1.00731147  0.02526131  1.23847130  0.06743296  0.99879456  0.28614804
55  3.23359207  0.00547157  0.98430176  0.02458134  1.01693157  0.02548947  1.23235874  0.06774091  0.99831390  0.28649121
56  3.25443078  0.02613200  0.98724043  0.02480587  1.01692759  0.02571628  1.25026276  0.07268646  0.99848938  0.28425107
57  3.24178053  0.00572817  0.99526640  0.02502898  1.01146826  0.02594122  1.23504586  0.07299332  0.99854279  0.27184623
58  3.22507005  0.00794940  0.96175631  0.02525786  1.04364566  0.02616766  1.21966809  0.07350419  0.99837494  0.27145114
59  3.23782324  0.00610785  0.98299422  0.02547145  1.02337702  0.02639848  1.23145200  0.07383435  0.99855804  0.27337331
60  3.24336134  0.00538294  0.97211473  0.02569230  1.03081046  0.02662362  1.24043615  0.07410841  0.99852753  0.27105672
61  3.24187032  0.00659385  0.99783714  0.02590365  1.00423471  0.02684483  1.23979847  0.07448009  0.99861908  0.27552749
62  3.23003322  0.00795130  0.97819912  0.02612228  1.02356827  0.02705789  1.22826582  0.07498153  0.99854279  0.26967340
63  3.22820523  0.00496571  0.97895903  0.02633340  1.02460668  0.02727486  1.22463952  0.07522235  0.99851990  0.27487665
64  3.24486641  0.00603673  0.97584908  0.02654352  1.02832342  0.02749079  1.24069392  0.07553992  0.99860382  0.26434983
65  3.26269985  0.00575908  0.99537921  0.02674748  1.00558877  0.02770262  1.26173187  0.07583658  0.99837494  0.28306670
66  3.23236540  0.00976584  0.98607718  0.02695380  1.01393612  0.02790461  1.23235211  0.07654196  0.99856567  0.28202177
67  3.26153005  0.01019512  0.96960047  0.02716049  1.03313764  0.02811229  1.25879194  0.07729286  0.99833679  0.27180135
68  3.24280337  0.00539596  0.97091614  0.02736295  1.03045741  0.02832522  1.24142982  0.07755897  0.99850464  0.28684911
69  3.23468449  0.00837870  1.00091676  0.02755842  1.00094120  0.02853040  1.23282653  0.07808560  0.99863434  0.29337953
70  3.22844476  0.00868452  0.96351162  0.02776765  1.03797411  0.02873248  1.22695903  0.07864079  0.99813080  0.27637360
71  3.24832393  0.01105129  0.98973433  0.02796101  1.01325311  0.02893925  1.24533649  0.07948584  0.99858093  0.27154879
72  3.23575212  0.00573964  0.97112165  0.02816305  1.03102481  0.02914117  1.23360565  0.07976699  0.99837494  0.27449304
73  3.23152134  0.00560899  0.99313289  0.02835709  1.00758822  0.02934433  1.23080024  0.08003652  0.99844360  0.28965515
74  3.24082173  0.00566954  0.98782794  0.02855830  1.01370681  0.02954264  1.23928698  0.08030914  0.99834442  0.27732754
75  3.23631102  0.00543828  0.99238615  0.02875123  1.01157719  0.02973637  1.23234767  0.08056598  0.99865723  0.27422956
76  3.23254581  0.00697306  0.98575744  0.02894626  1.01587945  0.02993006  1.23090892  0.08093879  0.99831390  0.27310887
77  3.22945121  0.00581021  0.98108114  0.02913773  1.02189340  0.03012334  1.22647667  0.08121845  0.99845886  0.26326528
78  3.22533927  0.00978785  0.97590346  0.02933006  1.02621331  0.03032002  1.22322250  0.08187625  0.99829865  0.26184575
79  3.23295728  0.00766929  0.97761964  0.02952035  1.02413570  0.03051714  1.23120194  0.08230407  0.99851990  0.25580083
80  3.22423496  0.00618846  0.96590103  0.02970773  1.03473037  0.03071015  1.22360357  0.08260643  0.99845123  0.27346926
81  3.24187932  0.00623249  0.99329961  0.02988900  1.00944136  0.03090279  1.23913835  0.08291023  0.99843597  0.28857956
82  3.24146540  0.00844639  0.97301547  0.03007627  1.02830613  0.03108795  1.24014380  0.08340961  0.99863434  0.27541606
83  3.25937399  0.00927041  0.99904866  0.03025749  1.00125665  0.03127701  1.25906868  0.08399316  0.99856567  0.27327264
84  3.23632438  0.00559702  0.99904976  0.03044478  1.00208264  0.03145882  1.23519198  0.08425130  0.99839020  0.27411256
85  3.23474838  0.00530668  0.99993502  0.03062979  1.00126202  0.03163882  1.23355134  0.08448725  0.99856567  0.27580668
86  3.23389832  0.00598943  0.96701666  0.03081866  1.03409014  0.03182187  1.23279153  0.08476785  0.99847412  0.26900455
87  3.22507567  0.00777101  0.96429447  0.03099892  1.03751281  0.03201262  1.22326839  0.08519146  0.99853516  0.26053285
88  3.21375498  0.00509948  1.00074555  0.03117067  1.00048036  0.03219639  1.21252907  0.08541087  0.99855042  0.26627663
89  3.23862569  0.00627542  0.98603768  0.03135168  1.01437258  0.03237163  1.23821543  0.08570659  0.99842072  0.27071966
90  3.18619379  0.00465800  0.95105115  0.03153197  1.05068848  0.03255306  1.18445415  0.08590126  0.99844360  0.26762340
91  3.21778749  0.00583292  0.97898163  0.03169993  1.02318323  0.03273935  1.21562263  0.08616132  0.99851990  0.35696980
92  3.22120864  0.00522735  0.97058425  0.03187623  1.03056710  0.03292055  1.22005729  0.08638509  0.99847412  0.27328782
93  3.24489239  0.00583690  0.97982964  0.03204849  1.02109615  0.03310135  1.24396661  0.08664769  0.99851990  0.26026387
94  3.23106144  0.00560457  0.98781669  0.03221977  1.01338765  0.03327696  1.22985710  0.08689681  0.99848938  0.26235341
95  3.23010835  0.00690685  0.96747104  0.03239536  1.03413384  0.03345306  1.22850347  0.08723713  0.99835205  0.25860867
96  3.23608504  0.00596267  0.98297783  0.03256367  1.01749613  0.03363118  1.23561107  0.08750652  0.99867249  0.26169186
97  3.21663403  0.00602618  0.95629466  0.03273706  1.04289346  0.03380695  1.21744592  0.08778010  0.99838257  0.25805063
98  3.25145073  0.00550986  0.98254750  0.03290062  1.01738747  0.03398480  1.25151575  0.08801713  0.99845886  0.36022757
99  3.23671819  0.00607880  0.98782886  0.03306791  1.01404089  0.03415465  1.23484844  0.08829459  0.99874115  0.41615076

               Final results
==============================================
 Total energy            : 3.2149600488 (with STD = 0.0144034228)
 Kinetic energy          : 0.9831767091 (with STD = 0.0117956641)
 External energy         : 1.0184773701 (with STD = 0.0118808309)
 Interaction energy      : 1.2133059469 (with STD = 0.0144441946)
 Acceptence Ratio        : 0.9986801147

Finished computation at Mon Dec 28 22:30:18 2020
Elapsed time: 31.0058394070s

Average CPU time before convergence: 0.2720202903
