__      ____  __          _____ _    _ _____ _   _ ______ 
\ \    / /  \/  |   /\   / ____| |  | |_   _| \ | |  ____|
 \ \  / /| \  / |  /  \ | |    | |__| | | | |  \| | |__   
  \ \/ / | |\/| | / /\ \| |    |  __  | | | | . ` |  __|  
   \  /  | |  | |/ ____ \ |____| |  | |_| |_| |\  | |____ 
    \/   |_|  |_/_/    \_\_____|_|  |_|_____|_| \_|______|
==========================================================

Started computation at Thu Jan  7 18:11:24 2021
Running on 1 CPU threads using Open MPI
Simulation is run from the directory: 


             SYSTEM INFORMATION
==============================================
Number of particles:      10
Number of dimensions:     3
Interaction style:        Coulomb
Hamiltonian:              atom
Initial state:            random normal
Atomic number:            10


           WAVE FUNCTION INFORMATION
==============================================
Element 0:                Slater determinant
Element 1:                Padé-Jastrow
Basis:                    hydrogen orbital
Initial parameters:       constant
Number of parameters:     1
Number of hidden nodes:   10
Print parameters to file: false


            SIMULATION INFORMATION
==============================================
Max number of iterations: 100
Number of MC cycles:      100000
Number of burn-in cycles: 100
Learning rate:            0.050000
Step length:              0.005000
Equilibration fraction:   0.001000
Sampling:                 Metropolis-Hastings
Optimization:             ADAM
Random number generator:  Mersenne-Twister


               PARTICLE DENSITY
==============================================
Compute radial one-body density:  false
Compute spatial one-body density: false
Compute radial two-body density:  false
Max radius of electron density:   5.000000
Number of bins in each direction: 1000


                  RESAMPLING
==============================================
Do resampling:            false
Print energies to file:   false


                  CONVERGENCE
==============================================
Check convergence:        false
Tolerance:                0.000000
Number of energies:       5


                 ADAPTIVE STEPS
==============================================
Apply adaptive steps:       false
Range of adaptive steps:    10
Additional steps:           4
Additional steps last iter: 8


Step  Energy  Energy_STD  Kinetic  Kinetic_STD  External  External_STD  Interaction  Interaction_STD  Acceptence  CPU_time
1  -122.55237466  0.02426624  169.55033742  0.39872007  -366.83004766  0.40863989  74.72733557  0.04088242  0.98387000  0.52871752
2  -122.10741161  0.02085009  165.08296296  0.77211921  -363.03317540  1.29257604  75.84280083  0.24314381  0.98399000  0.51507616
3  -121.60352010  0.01839421  161.46381925  0.99948461  -359.00112295  1.76831597  75.93378360  0.34352611  0.98466000  0.51271439
4  -122.20293284  0.01757493  155.75134876  1.19315875  -352.11488563  2.14154092  74.16060403  0.42055278  0.98494000  0.51609921
5  -122.58405825  0.01905306  163.28008614  1.35404786  -360.78052485  2.44988253  74.91638046  0.48307193  0.98509000  0.51212597
6  -121.91927023  0.01658186  165.60986375  1.50199607  -362.43742257  2.73301315  74.90828859  0.53924685  0.98430000  0.51274776
7  -121.59348390  0.01804490  160.15975156  1.63120002  -357.59733366  2.98676268  75.84409821  0.59004829  0.98498000  0.51446319
8  -122.49710162  0.02036998  166.94518535  1.75228317  -364.53847559  3.21902534  75.09618862  0.63822683  0.98376000  0.51521444
9  -123.17927009  0.01804072  163.07338384  1.86726739  -359.32303047  3.44043147  73.07037653  0.68188294  0.98465000  0.51522160
10  -122.59187186  0.01817627  161.85817375  1.96869268  -359.21548714  3.64125544  74.76544152  0.72089756  0.98464000  0.51485300
11  -122.73557667  0.01836363  162.81629531  2.07279552  -360.19619260  3.83614924  74.64432062  0.75965407  0.98442000  0.51537108
12  -123.34478783  0.01715044  157.37545019  2.16530625  -353.30674994  4.01852350  72.58651192  0.79627528  0.98508000  0.51506209
13  -122.50709183  0.01698561  166.25518582  2.25796753  -363.17233498  4.19128090  74.41005734  0.82950984  0.98433000  0.51470470
14  -123.20539433  0.01745695  167.64790845  2.35247628  -364.75787566  4.36510256  73.90457288  0.86299796  0.98361000  0.51714683
15  -123.54977384  0.01638241  159.97041301  2.44070357  -355.95796466  4.53152753  72.43777781  0.89475091  0.98543000  0.51824141
16  -123.74475210  0.01739420  157.60807487  2.52241420  -352.85543649  4.68616074  71.50260951  0.92431352  0.98479000  0.51637006
17  -122.48450291  0.01623609  158.94973987  2.61418764  -355.62854056  4.84123086  74.19429778  0.95221459  0.98487000  0.52420902
18  -123.22323090  0.01764045  163.17868892  2.68638187  -360.15139261  4.98387822  73.74947278  0.98137651  0.98484000  0.51541948
19  -124.17878779  0.01728888  158.55341945  2.76915374  -353.85103388  5.13145421  71.11882663  1.00934622  0.98508000  0.51334548
20  -123.30623804  0.01713323  163.96608705  2.83892784  -360.79530117  5.26617822  73.52297608  1.03472476  0.98393000  0.51346993
21  -123.13897785  0.01770597  167.89001544  2.91940703  -365.14428073  5.40716516  74.11528744  1.06114240  0.98362000  0.51460814
22  -124.02282827  0.01631895  157.22246157  2.98746955  -352.85332594  5.54069581  71.60803609  1.08728728  0.98454000  0.51486897
23  -125.26713121  0.01670182  152.78359947  3.05738110  -347.26271388  5.66803926  69.21198321  1.11113135  0.98416000  0.51464033
24  -123.04022607  0.01706049  154.99707973  3.11460555  -351.48686131  5.78457232  73.44955551  1.13309992  0.98442000  0.51511383
25  -122.99099869  0.01730485  160.16173859  3.17330640  -357.26335388  5.90211479  74.11061660  1.15729398  0.98512000  0.51423907
26  -123.88984650  0.01633141  160.99146430  3.23524984  -357.24910291  6.02166735  72.36779211  1.18131553  0.98506000  0.51368594
27  -123.63009666  0.01778694  164.73925041  3.31003243  -361.95004781  6.14623557  73.58070074  1.20384803  0.98476000  0.51546955
28  -123.26192583  0.01605318  163.70877774  3.36905507  -360.62526391  6.26243484  73.65456033  1.22664429  0.98435000  0.51370645
29  -123.54646586  0.01611136  162.52930986  3.42993567  -359.59698233  6.37752050  73.52120661  1.24901963  0.98464000  0.51367569
30  -123.65401750  0.01684171  165.47628077  3.49564951  -362.06508735  6.49361090  72.93478908  1.27103716  0.98494000  0.51402426
31  -125.49149779  0.01753870  152.70215877  3.55294269  -347.40474893  6.60434739  69.21109237  1.29233983  0.98575000  0.51385450
32  -124.16701848  0.01640140  150.62823441  3.60330391  -345.54925220  6.70518283  70.75399931  1.31116151  0.98545000  0.51331854
33  -123.71088604  0.01599025  152.39146972  3.65016162  -348.24201553  6.80249683  72.13965977  1.33061175  0.98490000  0.51670218
34  -124.78336658  0.01574364  157.72308506  3.70022396  -353.17500261  6.90147666  70.66855097  1.35040937  0.98471000  0.51479387
35  -124.84661077  0.01592524  151.46396623  3.75265124  -346.58661234  7.00197792  70.27603534  1.36920565  0.98609000  0.51379204
36  -124.67591255  0.01671797  154.32492397  3.80242298  -349.60919837  7.09816180  70.60836185  1.38759624  0.98499000  0.51451182
37  -124.32152651  0.01682510  155.94922475  3.85362733  -351.40325230  7.19508009  71.13250104  1.40591921  0.98527000  0.51324892
38  -126.32080574  0.01655941  155.03440478  3.91348342  -348.69955163  7.29615956  67.34434111  1.42421074  0.98487000  0.51598644
39  -125.01382163  0.01601310  155.13376359  3.96601826  -350.22549132  7.39145720  70.07790610  1.44059339  0.98557000  0.53176618
40  -123.53230402  0.01684696  164.50705435  4.01310826  -361.62736971  7.48375545  73.58801133  1.45807984  0.98450000  0.61938977
41  -124.24470038  0.01685546  153.41106072  4.06183947  -348.60031030  7.57931533  70.94454920  1.47695736  0.98485000  0.61841917
42  -124.32997568  0.01482254  152.97631726  4.10549220  -347.68596747  7.66756122  70.37967454  1.49431217  0.98551000  0.61736369
43  -125.66127274  0.01592545  147.99749934  4.14800706  -341.76654690  7.75398402  68.10777482  1.51138414  0.98536000  0.61679626
44  -125.50255736  0.01690113  149.69383099  4.18896912  -343.71121202  7.83728776  68.51482367  1.52705207  0.98461000  0.61897993
45  -125.91885882  0.01706057  148.53786955  4.23297309  -341.77924764  7.92207176  67.32251926  1.54266890  0.98522000  0.61994457
46  -125.69248185  0.01633931  152.10370443  4.27531983  -346.92006479  8.00479549  69.12387851  1.55768029  0.98507000  0.61815453
47  -124.92882412  0.01647580  153.00976126  4.31869473  -347.40328392  8.08892627  69.46469854  1.57333392  0.98506000  0.61871028
48  -125.83487245  0.01707455  147.48407798  4.35920710  -341.87899038  8.17099937  68.56003995  1.58907512  0.98523000  0.61873770
49  -125.34388782  0.01574953  156.57048913  4.48944073  -350.82824235  8.29929596  68.91386539  1.60415200  0.98532000  0.61601663
50  -126.54138372  0.01592879  146.17184211  4.53059861  -338.99242452  8.38121553  66.27919869  1.61926168  0.98486000  0.61559296
51  -126.41428219  0.01513822  146.38291161  4.57036929  -339.05937413  8.45892562  66.26218033  1.63313929  0.98532000  0.53494525
52  -125.61034410  0.01629569  148.41396785  4.60644407  -340.78983772  8.53390377  66.76552577  1.64683386  0.98465000  0.51229501
53  -125.70906362  0.01629204  140.01939443  4.64330550  -332.66800201  8.60921350  66.93954396  1.66066117  0.98536000  0.51445246
54  -126.46378975  0.01643415  150.89292907  4.67937186  -344.31189244  8.68195544  66.95517362  1.67444882  0.98482000  0.51225233
55  -125.74565924  0.01632695  149.47228812  4.71977594  -342.46519444  8.75916648  67.24724708  1.68809918  0.98534000  0.51155949
56  -126.44977295  0.01712421  147.01688153  4.75932590  -339.61756991  8.83494000  66.15091543  1.70173321  0.98577000  0.51585770
57  -126.86940083  0.01623679  141.27510991  4.79263304  -333.40815090  8.90627201  65.26364016  1.71493452  0.98595000  0.51257372
58  -127.14552538  0.01625844  142.31653366  4.83829529  -332.63344839  8.98240673  63.17138935  1.72759004  0.98602000  0.51902962
59  -127.63403116  0.01785105  134.81673823  4.87071893  -323.52489799  9.05045678  61.07412860  1.73939945  0.98572000  0.51175427
60  -127.31405464  0.01646334  136.24196027  4.90202491  -325.34804851  9.11544536  61.79203360  1.75042841  0.98591000  0.51210642
61  -128.20790766  0.01719664  130.42648865  4.93046462  -318.56712210  9.17891177  59.93272579  1.76157376  0.98587000  0.51019216
62  -127.11127477  0.01722265  137.30028780  4.96549849  -325.64419990  9.24411060  61.23263733  1.77198187  0.98607000  0.51160932
63  -127.82805784  0.01785710  137.93327107  4.99494316  -328.36513429  9.30746637  62.60380538  1.78280685  0.98599000  0.51273155
64  -127.83835066  0.01800755  138.47637562  5.02869790  -327.02083067  9.37356246  60.70610440  1.79408148  0.98546000  0.51748800
65  -127.94204986  0.01786264  135.68798108  5.05982626  -324.86575413  9.43745803  61.23572319  1.80461296  0.98528000  0.51196122
66  -127.89602664  0.01713455  138.03129435  5.09232964  -326.20883674  9.50137465  60.28151575  1.81523244  0.98549000  0.51425982
67  -128.49565739  0.01791651  131.71310933  5.12167713  -318.78233900  9.56335107  58.57357229  1.82544328  0.98669000  0.51074576
68  -128.29522900  0.01784572  133.04105331  5.15107523  -318.91561369  9.62352558  57.57933138  1.83506392  0.98657000  0.51140785
69  -128.71274535  0.01827538  127.12799018  5.17898646  -312.65277446  9.68240300  56.81203892  1.84431528  0.98586000  0.51274753
70  -127.85527339  0.01810456  132.86963163  5.21115955  -316.57194032  9.74212600  55.84703529  1.85328267  0.98610000  0.51462984
71  -128.52569998  0.01876596  137.71553721  5.24092145  -326.90750350  9.80080561  60.66626630  1.86197134  0.98621000  0.51244497
72  -127.79524309  0.01868175  125.51751703  5.26965778  -308.97301969  9.86137663  55.66025957  1.87205499  0.98651000  0.51103950
73  -128.10420164  0.01715783  134.40377121  5.29520965  -321.07092269  9.91585012  58.56294984  1.88055862  0.98639000  0.51187229
74  -128.24999040  0.01773737  133.08290966  5.32582850  -320.09506218  9.97545389  58.76216212  1.88994138  0.98628000  0.51269674
75  -127.88321830  0.01793113  131.22551637  5.35289989  -318.28663819  10.03272007  59.17790352  1.89926107  0.98641000  0.51096535
76  -128.16463155  0.01797864  132.21641780  5.37986097  -318.60404573  10.08937296  58.22299638  1.90871126  0.98618000  0.51097584
77  -127.94226381  0.01727835  146.33365252  5.41389560  -335.10206595  10.14952989  60.82614961  1.91783277  0.98608000  0.51365447
78  -127.94931078  0.01829922  134.86628381  5.44287015  -323.69021952  10.21005895  60.87462494  1.92769139  0.98571000  0.51292181
79  -127.71869700  0.01801290  136.63287919  5.47514099  -324.41374882  10.27004180  60.06217263  1.93752537  0.98719000  0.51148319
80  -127.45201318  0.01679298  136.26289774  5.50224106  -325.98429272  10.32698629  62.26938180  1.94705114  0.98592000  0.51460361
81  -127.50536037  0.01642893  144.88281388  5.53114411  -334.23307341  10.38522030  61.84489917  1.95722475  0.98490000  0.51387382
82  -127.81194942  0.01694763  136.77518452  5.56175057  -325.95350333  10.44547264  61.36636940  1.96721106  0.98663000  0.51393509
83  -127.46372711  0.01691111  132.98420120  5.59019209  -322.51907134  10.50286541  62.07114304  1.97698686  0.98610000  0.51596451
84  -127.46831088  0.01749296  143.04593854  5.61817671  -334.40903712  10.55920851  63.89478769  1.98700727  0.98561000  0.51348376
85  -127.12685744  0.01600743  145.64167050  5.64833547  -334.50885803  10.61887440  61.74033009  1.99746578  0.98573000  0.53979158
86  -128.12189836  0.01657749  138.53421166  5.67919381  -327.12005755  10.67825752  60.46394753  2.00718778  0.98532000  0.61638737
87  -127.73447032  0.01634185  144.19789096  5.70993775  -333.38439300  10.73611632  61.45203172  2.01652206  0.98588000  0.61812401
88  -127.51848506  0.01761059  136.66408834  5.73994979  -324.74581493  10.79448357  60.56324152  2.02611696  0.98617000  0.61618066
89  -127.80044228  0.01710896  138.35244458  5.76659889  -327.25111663  10.84917590  61.09822977  2.03533425  0.98590000  0.51471472
90  -127.59639686  0.01713616  143.42662957  5.79516191  -333.75986692  10.90523405  62.73684049  2.04473187  0.98527000  0.51413751
91  -127.61872975  0.01654294  141.85958163  5.82611369  -331.98173787  10.96365442  62.50342649  2.05455368  0.98565000  0.51360130
92  -127.94445530  0.01766202  135.69658308  5.85599883  -323.37468803  11.02089941  59.73364966  2.06423437  0.98656000  0.51433659
93  -128.00879775  0.01807074  134.34380927  5.88340088  -321.46781481  11.07489745  59.11520779  2.07307148  0.98589000  0.51303792
94  -127.68628042  0.01693770  133.16921989  5.91115883  -320.94798876  11.12846728  60.09248846  2.08173666  0.98628000  0.51221418
95  -128.00548296  0.01676548  140.14646551  5.93767842  -327.85257631  11.18122938  59.70062783  2.09060447  0.98587000  0.51144862
96  -128.02416873  0.01726770  135.33725661  5.96625016  -321.98749173  11.23601860  58.62606640  2.09934425  0.98549000  0.51109505
97  -128.20093475  0.01763861  132.86344357  5.99096291  -320.05745514  11.28749356  58.99307681  2.10774722  0.98584000  0.51527834
98  -127.94471834  0.01749655  138.50044720  6.01771329  -326.18025646  11.33965801  59.73509091  2.11620966  0.98545000  0.51328421
99  -128.43837471  0.01792140  134.49033059  6.04705792  -320.22700595  11.39404705  57.29830064  2.12481094  0.98538000  0.51342392

               Final results
==============================================
 Total energy            : -127.7958932784 (with STD = 0.0177544174)
 Kinetic energy          : 133.2612662737 (with STD = 6.0726406175)
 External energy         : -319.3094399998 (with STD = 11.4450506429)
 Interaction energy      : 58.2522804477 (with STD = 2.1327411939)
 Acceptence Ratio        : 0.9862700000

Finished computation at Thu Jan  7 18:12:17 2021
Elapsed time: 52.9426019200s

Average CPU time before convergence: 0.5312404284
